{"/home/travis/build/npmtest/node-npmtest-xbee-api/test.js":{"path":"/home/travis/build/npmtest/node-npmtest-xbee-api/test.js","s":{"1":2,"2":2,"3":2,"4":2,"5":2,"6":2,"7":2,"8":1,"9":2,"10":2,"11":1,"12":1,"13":1,"14":1,"15":2,"16":2,"17":2,"18":2,"19":1,"20":1,"21":2,"22":2,"23":2,"24":1,"25":1,"26":1,"27":1,"28":1,"29":1,"30":1,"31":1,"32":1,"33":1,"34":1,"35":1,"36":1,"37":1,"38":1,"39":2,"40":2,"41":1,"42":2,"43":2,"44":1,"45":2,"46":2,"47":1,"48":2,"49":2,"50":1,"51":1,"52":1,"53":1,"54":1},"b":{"1":[2,1,1,1],"2":[1,1,1,1],"3":[1,1],"4":[1,1],"5":[1,1],"6":[1,1],"7":[1,1],"8":[1,1],"9":[1,1],"10":[1,1,1],"11":[1,1],"12":[1,1],"13":[1,1],"14":[1,1],"15":[1,1],"16":[1,1],"17":[1,1]},"f":{"1":2,"2":2,"3":2,"4":2,"5":2,"6":1,"7":1,"8":1,"9":2,"10":2,"11":2,"12":2,"13":1},"fnMap":{"1":{"name":"(anonymous_1)","line":12,"loc":{"start":{"line":12,"column":1},"end":{"line":12,"column":13}}},"2":{"name":"(anonymous_2)","line":19,"loc":{"start":{"line":19,"column":5},"end":{"line":19,"column":17}}},"3":{"name":"(anonymous_3)","line":23,"loc":{"start":{"line":23,"column":24},"end":{"line":23,"column":36}}},"4":{"name":"(anonymous_4)","line":61,"loc":{"start":{"line":61,"column":5},"end":{"line":61,"column":17}}},"5":{"name":"(anonymous_5)","line":82,"loc":{"start":{"line":82,"column":5},"end":{"line":82,"column":17}}},"6":{"name":"(anonymous_6)","line":91,"loc":{"start":{"line":91,"column":77},"end":{"line":94,"column":10}}},"7":{"name":"(anonymous_7)","line":112,"loc":{"start":{"line":112,"column":83},"end":{"line":115,"column":10}},"skip":true},"8":{"name":"(anonymous_8)","line":123,"loc":{"start":{"line":123,"column":77},"end":{"line":126,"column":10}},"skip":true},"9":{"name":"(anonymous_9)","line":139,"loc":{"start":{"line":139,"column":12},"end":{"line":139,"column":40}},"skip":true},"10":{"name":"(anonymous_10)","line":147,"loc":{"start":{"line":147,"column":77},"end":{"line":150,"column":10}},"skip":true},"11":{"name":"(anonymous_11)","line":158,"loc":{"start":{"line":158,"column":83},"end":{"line":161,"column":10}},"skip":true},"12":{"name":"(anonymous_12)","line":169,"loc":{"start":{"line":169,"column":79},"end":{"line":172,"column":10}},"skip":true},"13":{"name":"(anonymous_13)","line":180,"loc":{"start":{"line":180,"column":75},"end":{"line":183,"column":10}},"skip":true}},"statementMap":{"1":{"start":{"line":12,"column":0},"end":{"line":195,"column":5}},"2":{"start":{"line":14,"column":4},"end":{"line":14,"column":14}},"3":{"start":{"line":19,"column":4},"end":{"line":56,"column":9}},"4":{"start":{"line":21,"column":8},"end":{"line":21,"column":19}},"5":{"start":{"line":23,"column":8},"end":{"line":35,"column":13}},"6":{"start":{"line":24,"column":12},"end":{"line":34,"column":13}},"7":{"start":{"line":25,"column":16},"end":{"line":28,"column":30}},"8":{"start":{"line":30,"column":16},"end":{"line":33,"column":27}},"9":{"start":{"line":37,"column":8},"end":{"line":39,"column":21}},"10":{"start":{"line":40,"column":8},"end":{"line":53,"column":9}},"11":{"start":{"line":43,"column":12},"end":{"line":46,"column":14}},"12":{"start":{"line":47,"column":12},"end":{"line":47,"column":18}},"13":{"start":{"line":50,"column":12},"end":{"line":51,"column":33}},"14":{"start":{"line":52,"column":12},"end":{"line":52,"column":18}},"15":{"start":{"line":55,"column":8},"end":{"line":55,"column":35}},"16":{"start":{"line":61,"column":4},"end":{"line":63,"column":9}},"17":{"start":{"line":62,"column":8},"end":{"line":62,"column":15}},"18":{"start":{"line":64,"column":4},"end":{"line":77,"column":5}},"19":{"start":{"line":70,"column":8},"end":{"line":70,"column":14}},"20":{"start":{"line":76,"column":8},"end":{"line":76,"column":14}},"21":{"start":{"line":82,"column":4},"end":{"line":84,"column":9}},"22":{"start":{"line":83,"column":8},"end":{"line":83,"column":15}},"23":{"start":{"line":85,"column":4},"end":{"line":194,"column":5}},"24":{"start":{"line":91,"column":8},"end":{"line":99,"column":10}},"25":{"start":{"line":98,"column":12},"end":{"line":98,"column":35}},"26":{"start":{"line":102,"column":8},"end":{"line":104,"column":63}},"27":{"start":{"line":105,"column":8},"end":{"line":105,"column":14}},"28":{"start":{"line":112,"column":8},"end":{"line":121,"column":10},"skip":true},"29":{"start":{"line":119,"column":12},"end":{"line":119,"column":55},"skip":true},"30":{"start":{"line":120,"column":12},"end":{"line":120,"column":48},"skip":true},"31":{"start":{"line":123,"column":8},"end":{"line":136,"column":10},"skip":true},"32":{"start":{"line":130,"column":12},"end":{"line":130,"column":76},"skip":true},"33":{"start":{"line":131,"column":12},"end":{"line":131,"column":73},"skip":true},"34":{"start":{"line":132,"column":12},"end":{"line":132,"column":74},"skip":true},"35":{"start":{"line":133,"column":12},"end":{"line":133,"column":79},"skip":true},"36":{"start":{"line":134,"column":12},"end":{"line":134,"column":25},"skip":true},"37":{"start":{"line":135,"column":12},"end":{"line":135,"column":45},"skip":true},"38":{"start":{"line":138,"column":8},"end":{"line":145,"column":14},"skip":true},"39":{"start":{"line":143,"column":16},"end":{"line":143,"column":29},"skip":true},"40":{"start":{"line":144,"column":16},"end":{"line":144,"column":55},"skip":true},"41":{"start":{"line":147,"column":8},"end":{"line":156,"column":10},"skip":true},"42":{"start":{"line":154,"column":12},"end":{"line":154,"column":25},"skip":true},"43":{"start":{"line":155,"column":12},"end":{"line":155,"column":45},"skip":true},"44":{"start":{"line":158,"column":8},"end":{"line":167,"column":10},"skip":true},"45":{"start":{"line":165,"column":12},"end":{"line":165,"column":25},"skip":true},"46":{"start":{"line":166,"column":12},"end":{"line":166,"column":48},"skip":true},"47":{"start":{"line":169,"column":8},"end":{"line":178,"column":10},"skip":true},"48":{"start":{"line":176,"column":12},"end":{"line":176,"column":25},"skip":true},"49":{"start":{"line":177,"column":12},"end":{"line":177,"column":46},"skip":true},"50":{"start":{"line":180,"column":8},"end":{"line":189,"column":10},"skip":true},"51":{"start":{"line":187,"column":12},"end":{"line":187,"column":94},"skip":true},"52":{"start":{"line":188,"column":12},"end":{"line":188,"column":48},"skip":true},"53":{"start":{"line":192,"column":8},"end":{"line":192,"column":35},"skip":true},"54":{"start":{"line":193,"column":8},"end":{"line":193,"column":14},"skip":true}},"branchMap":{"1":{"line":25,"type":"binary-expr","locations":[{"start":{"line":25,"column":23},"end":{"line":25,"column":62}},{"start":{"line":26,"column":20},"end":{"line":26,"column":70}},{"start":{"line":27,"column":20},"end":{"line":27,"column":71}},{"start":{"line":28,"column":20},"end":{"line":28,"column":29}}]},"2":{"line":30,"type":"binary-expr","locations":[{"start":{"line":30,"column":23},"end":{"line":30,"column":37}},{"start":{"line":31,"column":20},"end":{"line":31,"column":61}},{"start":{"line":32,"column":20},"end":{"line":32,"column":70}},{"start":{"line":33,"column":20},"end":{"line":33,"column":26}}]},"3":{"line":37,"type":"cond-expr","locations":[{"start":{"line":38,"column":14},"end":{"line":38,"column":20}},{"start":{"line":39,"column":14},"end":{"line":39,"column":20}}]},"4":{"line":40,"type":"switch","locations":[{"start":{"line":42,"column":8},"end":{"line":47,"column":18}},{"start":{"line":49,"column":8},"end":{"line":52,"column":18}}]},"5":{"line":44,"type":"binary-expr","locations":[{"start":{"line":44,"column":16},"end":{"line":44,"column":44}},{"start":{"line":44,"column":48},"end":{"line":44,"column":66}}]},"6":{"line":50,"type":"binary-expr","locations":[{"start":{"line":50,"column":21},"end":{"line":50,"column":49}},{"start":{"line":50,"column":53},"end":{"line":50,"column":72}}]},"7":{"line":64,"type":"switch","locations":[{"start":{"line":69,"column":4},"end":{"line":70,"column":14}},{"start":{"line":75,"column":4},"end":{"line":76,"column":14}}]},"8":{"line":85,"type":"switch","locations":[{"start":{"line":90,"column":4},"end":{"line":105,"column":14}},{"start":{"line":111,"column":4},"end":{"line":193,"column":14},"skip":true}]},"9":{"line":91,"type":"binary-expr","locations":[{"start":{"line":91,"column":42},"end":{"line":91,"column":73}},{"start":{"line":91,"column":77},"end":{"line":99,"column":9}}]},"10":{"line":102,"type":"binary-expr","locations":[{"start":{"line":102,"column":18},"end":{"line":102,"column":32}},{"start":{"line":103,"column":12},"end":{"line":103,"column":53}},{"start":{"line":104,"column":12},"end":{"line":104,"column":61}}]},"11":{"line":112,"type":"binary-expr","locations":[{"start":{"line":112,"column":45},"end":{"line":112,"column":79},"skip":true},{"start":{"line":112,"column":83},"end":{"line":121,"column":9},"skip":true}]},"12":{"line":123,"type":"binary-expr","locations":[{"start":{"line":123,"column":42},"end":{"line":123,"column":73},"skip":true},{"start":{"line":123,"column":77},"end":{"line":136,"column":9},"skip":true}]},"13":{"line":138,"type":"binary-expr","locations":[{"start":{"line":138,"column":48},"end":{"line":138,"column":85},"skip":true},{"start":{"line":139,"column":12},"end":{"line":145,"column":13},"skip":true}]},"14":{"line":147,"type":"binary-expr","locations":[{"start":{"line":147,"column":42},"end":{"line":147,"column":73},"skip":true},{"start":{"line":147,"column":77},"end":{"line":156,"column":9},"skip":true}]},"15":{"line":158,"type":"binary-expr","locations":[{"start":{"line":158,"column":45},"end":{"line":158,"column":79},"skip":true},{"start":{"line":158,"column":83},"end":{"line":167,"column":9},"skip":true}]},"16":{"line":169,"type":"binary-expr","locations":[{"start":{"line":169,"column":43},"end":{"line":169,"column":75},"skip":true},{"start":{"line":169,"column":79},"end":{"line":178,"column":9},"skip":true}]},"17":{"line":180,"type":"binary-expr","locations":[{"start":{"line":180,"column":41},"end":{"line":180,"column":71},"skip":true},{"start":{"line":180,"column":75},"end":{"line":189,"column":9},"skip":true}]}},"code":["/* istanbul instrument in package npmtest_xbee_api */","/*jslint","    bitwise: true,","    browser: true,","    maxerr: 8,","    maxlen: 96,","    node: true,","    nomen: true,","    regexp: true,","    stupid: true","*/","(function () {","    'use strict';","    var local;","","","","    // run shared js-env code - init-before","    (function () {","        // init local","        local = {};","        // init modeJs","        local.modeJs = (function () {","            try {","                return typeof navigator.userAgent === 'string' &&","                    typeof document.querySelector('body') === 'object' &&","                    typeof XMLHttpRequest.prototype.open === 'function' &&","                    'browser';","            } catch (errorCaughtBrowser) {","                return module.exports &&","                    typeof process.versions.node === 'string' &&","                    typeof require('http').createServer === 'function' &&","                    'node';","            }","        }());","        // init global","        local.global = local.modeJs === 'browser'","            ? window","            : global;","        switch (local.modeJs) {","        // re-init local from window.local","        case 'browser':","            local = local.global.utility2.objectSetDefault(","                local.global.utility2_rollup || local.global.local,","                local.global.utility2","            );","            break;","        // re-init local from example.js","        case 'node':","            local = (local.global.utility2_rollup || require('utility2'))","                .requireReadme();","            break;","        }","        // export local","        local.global.local = local;","    }());","","","","    // run shared js-env code - function","    (function () {","        return;","    }());","    switch (local.modeJs) {","","","","    // run browser js-env code - function","    case 'browser':","        break;","","","","    // run node js-env code - function","    case 'node':","        break;","    }","","","","    // run shared js-env code - init-after","    (function () {","        return;","    }());","    switch (local.modeJs) {","","","","    // run browser js-env code - init-after","    case 'browser':","        local.testCase_browser_nullCase = local.testCase_browser_nullCase || function (","            options,","            onError","        ) {","        /*","         * this function will test browsers's null-case handling-behavior-behavior","         */","            onError(null, options);","        };","","        // run tests","        local.nop(local.modeTest &&","            document.querySelector('#testRunButton1') &&","            document.querySelector('#testRunButton1').click());","        break;","","","","    // run node js-env code - init-after","    /* istanbul ignore next */","    case 'node':","        local.testCase_buildApidoc_default = local.testCase_buildApidoc_default || function (","            options,","            onError","        ) {","        /*","         * this function will test buildApidoc's default handling-behavior-behavior","         */","            options = { modulePathList: module.paths };","            local.buildApidoc(options, onError);","        };","","        local.testCase_buildApp_default = local.testCase_buildApp_default || function (","            options,","            onError","        ) {","        /*","         * this function will test buildApp's default handling-behavior-behavior","         */","            local.testCase_buildReadme_default(options, local.onErrorThrow);","            local.testCase_buildLib_default(options, local.onErrorThrow);","            local.testCase_buildTest_default(options, local.onErrorThrow);","            local.testCase_buildCustomOrg_default(options, local.onErrorThrow);","            options = [];","            local.buildApp(options, onError);","        };","","        local.testCase_buildCustomOrg_default = local.testCase_buildCustomOrg_default ||","            function (options, onError) {","            /*","             * this function will test buildCustomOrg's default handling-behavior","             */","                options = {};","                local.buildCustomOrg(options, onError);","            };","","        local.testCase_buildLib_default = local.testCase_buildLib_default || function (","            options,","            onError","        ) {","        /*","         * this function will test buildLib's default handling-behavior","         */","            options = {};","            local.buildLib(options, onError);","        };","","        local.testCase_buildReadme_default = local.testCase_buildReadme_default || function (","            options,","            onError","        ) {","        /*","         * this function will test buildReadme's default handling-behavior-behavior","         */","            options = {};","            local.buildReadme(options, onError);","        };","","        local.testCase_buildTest_default = local.testCase_buildTest_default || function (","            options,","            onError","        ) {","        /*","         * this function will test buildTest's default handling-behavior","         */","            options = {};","            local.buildTest(options, onError);","        };","","        local.testCase_webpage_default = local.testCase_webpage_default || function (","            options,","            onError","        ) {","        /*","         * this function will test webpage's default handling-behavior","         */","            options = { modeCoverageMerge: true, url: local.serverLocalHost + '?modeTest=1' };","            local.browserTest(options, onError);","        };","","        // run test-server","        local.testRunServer(local);","        break;","    }","}());",""],"l":{"12":2,"14":2,"19":2,"21":2,"23":2,"24":2,"25":2,"30":1,"37":2,"40":2,"43":1,"47":1,"50":1,"52":1,"55":2,"61":2,"62":2,"64":2,"70":1,"76":1,"82":2,"83":2,"85":2,"91":1,"98":1,"102":1,"105":1,"112":1,"119":1,"120":1,"123":1,"130":1,"131":1,"132":1,"133":1,"134":1,"135":1,"138":1,"143":2,"144":2,"147":1,"154":2,"155":2,"158":1,"165":2,"166":2,"169":1,"176":2,"177":2,"180":1,"187":1,"188":1,"192":1,"193":1}},"/home/travis/build/npmtest/node-npmtest-xbee-api/lib.npmtest_xbee_api.js":{"path":"/home/travis/build/npmtest/node-npmtest-xbee-api/lib.npmtest_xbee_api.js","s":{"1":2,"2":2,"3":2,"4":2,"5":2,"6":2,"7":2,"8":1,"9":2,"10":2,"11":2,"12":2,"13":1,"14":1,"15":1,"16":1},"b":{"1":[2,1,1,1],"2":[1,1,1,1],"3":[1,1],"4":[2,2],"5":[1,1]},"f":{"1":2,"2":2,"3":2},"fnMap":{"1":{"name":"(anonymous_1)","line":12,"loc":{"start":{"line":12,"column":1},"end":{"line":12,"column":13}}},"2":{"name":"(anonymous_2)","line":19,"loc":{"start":{"line":19,"column":5},"end":{"line":19,"column":17}}},"3":{"name":"(anonymous_3)","line":23,"loc":{"start":{"line":23,"column":24},"end":{"line":23,"column":36}}}},"statementMap":{"1":{"start":{"line":12,"column":0},"end":{"line":53,"column":5}},"2":{"start":{"line":14,"column":4},"end":{"line":14,"column":14}},"3":{"start":{"line":19,"column":4},"end":{"line":52,"column":9}},"4":{"start":{"line":21,"column":8},"end":{"line":21,"column":19}},"5":{"start":{"line":23,"column":8},"end":{"line":35,"column":13}},"6":{"start":{"line":24,"column":12},"end":{"line":34,"column":13}},"7":{"start":{"line":25,"column":16},"end":{"line":28,"column":30}},"8":{"start":{"line":30,"column":16},"end":{"line":33,"column":27}},"9":{"start":{"line":37,"column":8},"end":{"line":39,"column":21}},"10":{"start":{"line":41,"column":8},"end":{"line":41,"column":54}},"11":{"start":{"line":43,"column":8},"end":{"line":43,"column":53}},"12":{"start":{"line":45,"column":8},"end":{"line":51,"column":9}},"13":{"start":{"line":46,"column":12},"end":{"line":46,"column":59}},"14":{"start":{"line":48,"column":12},"end":{"line":48,"column":35}},"15":{"start":{"line":49,"column":12},"end":{"line":49,"column":49}},"16":{"start":{"line":50,"column":12},"end":{"line":50,"column":43}}},"branchMap":{"1":{"line":25,"type":"binary-expr","locations":[{"start":{"line":25,"column":23},"end":{"line":25,"column":62}},{"start":{"line":26,"column":20},"end":{"line":26,"column":70}},{"start":{"line":27,"column":20},"end":{"line":27,"column":71}},{"start":{"line":28,"column":20},"end":{"line":28,"column":29}}]},"2":{"line":30,"type":"binary-expr","locations":[{"start":{"line":30,"column":23},"end":{"line":30,"column":37}},{"start":{"line":31,"column":20},"end":{"line":31,"column":61}},{"start":{"line":32,"column":20},"end":{"line":32,"column":70}},{"start":{"line":33,"column":20},"end":{"line":33,"column":26}}]},"3":{"line":37,"type":"cond-expr","locations":[{"start":{"line":38,"column":14},"end":{"line":38,"column":20}},{"start":{"line":39,"column":14},"end":{"line":39,"column":20}}]},"4":{"line":41,"type":"binary-expr","locations":[{"start":{"line":41,"column":16},"end":{"line":41,"column":44}},{"start":{"line":41,"column":48},"end":{"line":41,"column":53}}]},"5":{"line":45,"type":"if","locations":[{"start":{"line":45,"column":8},"end":{"line":45,"column":8}},{"start":{"line":45,"column":8},"end":{"line":45,"column":8}}]}},"code":["/* istanbul instrument in package npmtest_xbee_api */","/*jslint","    bitwise: true,","    browser: true,","    maxerr: 8,","    maxlen: 96,","    node: true,","    nomen: true,","    regexp: true,","    stupid: true","*/","(function () {","    'use strict';","    var local;","","","","    // run shared js-env code - init-before","    (function () {","        // init local","        local = {};","        // init modeJs","        local.modeJs = (function () {","            try {","                return typeof navigator.userAgent === 'string' &&","                    typeof document.querySelector('body') === 'object' &&","                    typeof XMLHttpRequest.prototype.open === 'function' &&","                    'browser';","            } catch (errorCaughtBrowser) {","                return module.exports &&","                    typeof process.versions.node === 'string' &&","                    typeof require('http').createServer === 'function' &&","                    'node';","            }","        }());","        // init global","        local.global = local.modeJs === 'browser'","            ? window","            : global;","        // init utility2_rollup","        local = local.global.utility2_rollup || local;","        // init lib","        local.local = local.npmtest_xbee_api = local;","        // init exports","        if (local.modeJs === 'browser') {","            local.global.utility2_npmtest_xbee_api = local;","        } else {","            module.exports = local;","            module.exports.__dirname = __dirname;","            module.exports.module = module;","        }","    }());","}());",""],"l":{"12":2,"14":2,"19":2,"21":2,"23":2,"24":2,"25":2,"30":1,"37":2,"41":2,"43":2,"45":2,"46":1,"48":1,"49":1,"50":1}},"/home/travis/build/npmtest/node-npmtest-xbee-api/example.js":{"path":"/home/travis/build/npmtest/node-npmtest-xbee-api/example.js","s":{"1":2,"2":2,"3":2,"4":2,"5":2,"6":2,"7":2,"8":1,"9":2,"10":2,"11":2,"12":2,"13":1,"14":2,"15":2,"16":2,"17":2,"18":2,"19":0,"20":2,"21":1,"22":1,"23":1,"24":1,"25":1,"26":0,"27":0,"28":1,"29":1,"30":2,"31":0,"32":0,"33":0,"34":1,"35":2,"36":2,"37":3,"38":3,"39":3,"40":3,"41":0,"42":3,"43":3,"44":3,"45":1,"46":3,"47":1,"48":1,"49":1,"50":1,"51":1,"52":1,"53":1,"54":1,"55":1,"56":1,"57":0,"58":1,"59":6,"60":6,"61":1,"62":2,"63":0,"64":2,"65":1,"66":1,"67":0,"68":0,"69":0,"70":0,"71":0,"72":0,"73":0,"74":0,"75":0,"76":0,"77":0,"78":0,"79":0,"80":0,"81":0,"82":0,"83":0},"b":{"1":[2,1,1,1],"2":[1,1,1,1],"3":[1,1],"4":[2,2],"5":[1,1],"6":[1,1],"7":[2,0],"8":[2,1,1,1,1,1],"9":[0,2,0],"10":[1,1],"11":[2,1,1],"12":[1,0],"13":[0,2],"14":[2,0,0,0,0,0,0],"15":[0,3],"16":[3,0],"17":[1,1],"18":[0,1],"19":[1,2,0,2],"20":[1,0],"21":[1,1],"22":[0,0],"23":[0,0],"24":[0,0],"25":[0,0],"26":[0,0],"27":[0,0],"28":[0,0]},"f":{"1":2,"2":2,"3":2,"4":2,"5":2,"6":2,"7":3,"8":3,"9":3,"10":1,"11":6,"12":0},"fnMap":{"1":{"name":"(anonymous_1)","line":26,"loc":{"start":{"line":26,"column":1},"end":{"line":26,"column":13}}},"2":{"name":"(anonymous_2)","line":33,"loc":{"start":{"line":33,"column":5},"end":{"line":33,"column":17}}},"3":{"name":"(anonymous_3)","line":37,"loc":{"start":{"line":37,"column":24},"end":{"line":37,"column":36}}},"4":{"name":"(anonymous_4)","line":69,"loc":{"start":{"line":69,"column":31},"end":{"line":69,"column":48}},"skip":true},"5":{"name":"(anonymous_5)","line":78,"loc":{"start":{"line":78,"column":26},"end":{"line":78,"column":45}},"skip":true},"6":{"name":"(anonymous_6)","line":123,"loc":{"start":{"line":123,"column":33},"end":{"line":123,"column":48}},"skip":true},"7":{"name":"(anonymous_7)","line":125,"loc":{"start":{"line":125,"column":27},"end":{"line":125,"column":39}},"skip":true},"8":{"name":"(anonymous_8)","line":133,"loc":{"start":{"line":133,"column":59},"end":{"line":133,"column":74}},"skip":true},"9":{"name":"(anonymous_9)","line":143,"loc":{"start":{"line":143,"column":45},"end":{"line":143,"column":62}},"skip":true},"10":{"name":"(anonymous_10)","line":144,"loc":{"start":{"line":144,"column":73},"end":{"line":144,"column":92}},"skip":true},"11":{"name":"(anonymous_11)","line":272,"loc":{"start":{"line":272,"column":51},"end":{"line":272,"column":77}},"skip":true},"12":{"name":"(anonymous_12)","line":315,"loc":{"start":{"line":315,"column":32},"end":{"line":315,"column":61}},"skip":true}},"statementMap":{"1":{"start":{"line":26,"column":0},"end":{"line":326,"column":5}},"2":{"start":{"line":28,"column":4},"end":{"line":28,"column":14}},"3":{"start":{"line":33,"column":4},"end":{"line":60,"column":9}},"4":{"start":{"line":35,"column":8},"end":{"line":35,"column":19}},"5":{"start":{"line":37,"column":8},"end":{"line":49,"column":13}},"6":{"start":{"line":38,"column":12},"end":{"line":48,"column":13}},"7":{"start":{"line":39,"column":16},"end":{"line":42,"column":30}},"8":{"start":{"line":44,"column":16},"end":{"line":47,"column":27}},"9":{"start":{"line":51,"column":8},"end":{"line":53,"column":21}},"10":{"start":{"line":55,"column":8},"end":{"line":57,"column":45}},"11":{"start":{"line":59,"column":8},"end":{"line":59,"column":35}},"12":{"start":{"line":61,"column":4},"end":{"line":325,"column":5}},"13":{"start":{"line":69,"column":8},"end":{"line":121,"column":10},"skip":true},"14":{"start":{"line":70,"column":12},"end":{"line":88,"column":13},"skip":true},"15":{"start":{"line":76,"column":16},"end":{"line":87,"column":19},"skip":true},"16":{"start":{"line":79,"column":20},"end":{"line":86,"column":21},"skip":true},"17":{"start":{"line":82,"column":24},"end":{"line":82,"column":43},"skip":true},"18":{"start":{"line":83,"column":24},"end":{"line":83,"column":30},"skip":true},"19":{"start":{"line":85,"column":24},"end":{"line":85,"column":49},"skip":true},"20":{"start":{"line":89,"column":12},"end":{"line":107,"column":13},"skip":true},"21":{"start":{"line":92,"column":16},"end":{"line":102,"column":17},"skip":true},"22":{"start":{"line":93,"column":20},"end":{"line":93,"column":86},"skip":true},"23":{"start":{"line":94,"column":20},"end":{"line":95,"column":45},"skip":true},"24":{"start":{"line":96,"column":20},"end":{"line":96,"column":42},"skip":true},"25":{"start":{"line":97,"column":20},"end":{"line":97,"column":48},"skip":true},"26":{"start":{"line":100,"column":20},"end":{"line":100,"column":85},"skip":true},"27":{"start":{"line":101,"column":20},"end":{"line":101,"column":96},"skip":true},"28":{"start":{"line":103,"column":16},"end":{"line":103,"column":22},"skip":true},"29":{"start":{"line":106,"column":16},"end":{"line":106,"column":22},"skip":true},"30":{"start":{"line":108,"column":12},"end":{"line":120,"column":13},"skip":true},"31":{"start":{"line":114,"column":16},"end":{"line":119,"column":17},"skip":true},"32":{"start":{"line":116,"column":20},"end":{"line":116,"column":78},"skip":true},"33":{"start":{"line":118,"column":20},"end":{"line":118,"column":47},"skip":true},"34":{"start":{"line":123,"column":8},"end":{"line":141,"column":11},"skip":true},"35":{"start":{"line":124,"column":12},"end":{"line":124,"column":54},"skip":true},"36":{"start":{"line":125,"column":12},"end":{"line":140,"column":14},"skip":true},"37":{"start":{"line":126,"column":16},"end":{"line":126,"column":28},"skip":true},"38":{"start":{"line":127,"column":16},"end":{"line":127,"column":69},"skip":true},"39":{"start":{"line":128,"column":16},"end":{"line":128,"column":75},"skip":true},"40":{"start":{"line":129,"column":16},"end":{"line":131,"column":17},"skip":true},"41":{"start":{"line":130,"column":20},"end":{"line":130,"column":27},"skip":true},"42":{"start":{"line":133,"column":16},"end":{"line":137,"column":36},"skip":true},"43":{"start":{"line":134,"column":20},"end":{"line":136,"column":55},"skip":true},"44":{"start":{"line":139,"column":16},"end":{"line":139,"column":57},"skip":true},"45":{"start":{"line":143,"column":8},"end":{"line":147,"column":11},"skip":true},"46":{"start":{"line":144,"column":12},"end":{"line":146,"column":15},"skip":true},"47":{"start":{"line":145,"column":16},"end":{"line":145,"column":70},"skip":true},"48":{"start":{"line":149,"column":8},"end":{"line":149,"column":31},"skip":true},"49":{"start":{"line":150,"column":8},"end":{"line":150,"column":14},"skip":true},"50":{"start":{"line":158,"column":8},"end":{"line":158,"column":31},"skip":true},"51":{"start":{"line":160,"column":8},"end":{"line":160,"column":33},"skip":true},"52":{"start":{"line":161,"column":8},"end":{"line":161,"column":37},"skip":true},"53":{"start":{"line":162,"column":8},"end":{"line":162,"column":35},"skip":true},"54":{"start":{"line":164,"column":8},"end":{"line":164,"column":50},"skip":true},"55":{"start":{"line":166,"column":8},"end":{"line":256,"column":2},"skip":true},"56":{"start":{"line":258,"column":8},"end":{"line":286,"column":9},"skip":true},"57":{"start":{"line":259,"column":12},"end":{"line":269,"column":14},"skip":true},"58":{"start":{"line":271,"column":12},"end":{"line":285,"column":19},"skip":true},"59":{"start":{"line":274,"column":20},"end":{"line":274,"column":35},"skip":true},"60":{"start":{"line":275,"column":20},"end":{"line":284,"column":21},"skip":true},"61":{"start":{"line":277,"column":24},"end":{"line":277,"column":64},"skip":true},"62":{"start":{"line":279,"column":24},"end":{"line":279,"column":40},"skip":true},"63":{"start":{"line":281,"column":24},"end":{"line":281,"column":40},"skip":true},"64":{"start":{"line":283,"column":24},"end":{"line":283,"column":39},"skip":true},"65":{"start":{"line":288,"column":8},"end":{"line":290,"column":9},"skip":true},"66":{"start":{"line":289,"column":12},"end":{"line":289,"column":18},"skip":true},"67":{"start":{"line":291,"column":8},"end":{"line":293,"column":54},"skip":true},"68":{"start":{"line":296,"column":8},"end":{"line":301,"column":37},"skip":true},"69":{"start":{"line":303,"column":8},"end":{"line":303,"column":82},"skip":true},"70":{"start":{"line":306,"column":8},"end":{"line":308,"column":9},"skip":true},"71":{"start":{"line":307,"column":12},"end":{"line":307,"column":82},"skip":true},"72":{"start":{"line":310,"column":8},"end":{"line":312,"column":9},"skip":true},"73":{"start":{"line":311,"column":12},"end":{"line":311,"column":18},"skip":true},"74":{"start":{"line":313,"column":8},"end":{"line":313,"column":54},"skip":true},"75":{"start":{"line":314,"column":8},"end":{"line":314,"column":69},"skip":true},"76":{"start":{"line":315,"column":8},"end":{"line":323,"column":36},"skip":true},"77":{"start":{"line":316,"column":12},"end":{"line":316,"column":61},"skip":true},"78":{"start":{"line":317,"column":12},"end":{"line":320,"column":13},"skip":true},"79":{"start":{"line":318,"column":16},"end":{"line":318,"column":75},"skip":true},"80":{"start":{"line":319,"column":16},"end":{"line":319,"column":23},"skip":true},"81":{"start":{"line":321,"column":12},"end":{"line":321,"column":38},"skip":true},"82":{"start":{"line":322,"column":12},"end":{"line":322,"column":27},"skip":true},"83":{"start":{"line":324,"column":8},"end":{"line":324,"column":14},"skip":true}},"branchMap":{"1":{"line":39,"type":"binary-expr","locations":[{"start":{"line":39,"column":23},"end":{"line":39,"column":62}},{"start":{"line":40,"column":20},"end":{"line":40,"column":70}},{"start":{"line":41,"column":20},"end":{"line":41,"column":71}},{"start":{"line":42,"column":20},"end":{"line":42,"column":29}}]},"2":{"line":44,"type":"binary-expr","locations":[{"start":{"line":44,"column":23},"end":{"line":44,"column":37}},{"start":{"line":45,"column":20},"end":{"line":45,"column":61}},{"start":{"line":46,"column":20},"end":{"line":46,"column":70}},{"start":{"line":47,"column":20},"end":{"line":47,"column":26}}]},"3":{"line":51,"type":"cond-expr","locations":[{"start":{"line":52,"column":14},"end":{"line":52,"column":20}},{"start":{"line":53,"column":14},"end":{"line":53,"column":20}}]},"4":{"line":55,"type":"binary-expr","locations":[{"start":{"line":55,"column":16},"end":{"line":55,"column":44}},{"start":{"line":55,"column":49},"end":{"line":57,"column":43}}]},"5":{"line":55,"type":"cond-expr","locations":[{"start":{"line":56,"column":14},"end":{"line":56,"column":52}},{"start":{"line":57,"column":14},"end":{"line":57,"column":43}}]},"6":{"line":61,"type":"switch","locations":[{"start":{"line":68,"column":4},"end":{"line":150,"column":14},"skip":true},{"start":{"line":156,"column":4},"end":{"line":324,"column":14},"skip":true}]},"7":{"line":70,"type":"if","locations":[{"start":{"line":70,"column":12},"end":{"line":70,"column":12},"skip":true},{"start":{"line":70,"column":12},"end":{"line":70,"column":12},"skip":true}]},"8":{"line":70,"type":"binary-expr","locations":[{"start":{"line":70,"column":16},"end":{"line":70,"column":22},"skip":true},{"start":{"line":70,"column":27},"end":{"line":70,"column":32},"skip":true},{"start":{"line":71,"column":20},"end":{"line":71,"column":39},"skip":true},{"start":{"line":72,"column":20},"end":{"line":72,"column":49},"skip":true},{"start":{"line":73,"column":20},"end":{"line":73,"column":58},"skip":true},{"start":{"line":74,"column":20},"end":{"line":74,"column":69},"skip":true}]},"9":{"line":79,"type":"switch","locations":[{"start":{"line":80,"column":20},"end":{"line":80,"column":33},"skip":true},{"start":{"line":81,"column":20},"end":{"line":83,"column":30},"skip":true},{"start":{"line":84,"column":20},"end":{"line":85,"column":49},"skip":true}]},"10":{"line":89,"type":"switch","locations":[{"start":{"line":90,"column":12},"end":{"line":103,"column":22},"skip":true},{"start":{"line":105,"column":12},"end":{"line":106,"column":22},"skip":true}]},"11":{"line":89,"type":"binary-expr","locations":[{"start":{"line":89,"column":20},"end":{"line":89,"column":25},"skip":true},{"start":{"line":89,"column":29},"end":{"line":89,"column":48},"skip":true},{"start":{"line":89,"column":52},"end":{"line":89,"column":74},"skip":true}]},"12":{"line":92,"type":"if","locations":[{"start":{"line":92,"column":16},"end":{"line":92,"column":16},"skip":true},{"start":{"line":92,"column":16},"end":{"line":92,"column":16},"skip":true}]},"13":{"line":108,"type":"if","locations":[{"start":{"line":108,"column":12},"end":{"line":108,"column":12},"skip":true},{"start":{"line":108,"column":12},"end":{"line":108,"column":12},"skip":true}]},"14":{"line":108,"type":"binary-expr","locations":[{"start":{"line":108,"column":16},"end":{"line":108,"column":61},"skip":true},{"start":{"line":108,"column":66},"end":{"line":108,"column":72},"skip":true},{"start":{"line":108,"column":77},"end":{"line":108,"column":82},"skip":true},{"start":{"line":109,"column":20},"end":{"line":109,"column":39},"skip":true},{"start":{"line":110,"column":20},"end":{"line":110,"column":49},"skip":true},{"start":{"line":111,"column":20},"end":{"line":111,"column":58},"skip":true},{"start":{"line":112,"column":20},"end":{"line":112,"column":68},"skip":true}]},"15":{"line":129,"type":"if","locations":[{"start":{"line":129,"column":16},"end":{"line":129,"column":16},"skip":true},{"start":{"line":129,"column":16},"end":{"line":129,"column":16},"skip":true}]},"16":{"line":134,"type":"cond-expr","locations":[{"start":{"line":135,"column":26},"end":{"line":135,"column":29},"skip":true},{"start":{"line":136,"column":26},"end":{"line":136,"column":54},"skip":true}]},"17":{"line":164,"type":"binary-expr","locations":[{"start":{"line":164,"column":27},"end":{"line":164,"column":43},"skip":true},{"start":{"line":164,"column":47},"end":{"line":164,"column":49},"skip":true}]},"18":{"line":258,"type":"if","locations":[{"start":{"line":258,"column":8},"end":{"line":258,"column":8},"skip":true},{"start":{"line":258,"column":8},"end":{"line":258,"column":8},"skip":true}]},"19":{"line":275,"type":"switch","locations":[{"start":{"line":276,"column":20},"end":{"line":277,"column":64},"skip":true},{"start":{"line":278,"column":20},"end":{"line":279,"column":40},"skip":true},{"start":{"line":280,"column":20},"end":{"line":281,"column":40},"skip":true},{"start":{"line":282,"column":20},"end":{"line":283,"column":39},"skip":true}]},"20":{"line":288,"type":"if","locations":[{"start":{"line":288,"column":8},"end":{"line":288,"column":8},"skip":true},{"start":{"line":288,"column":8},"end":{"line":288,"column":8},"skip":true}]},"21":{"line":288,"type":"binary-expr","locations":[{"start":{"line":288,"column":12},"end":{"line":288,"column":40},"skip":true},{"start":{"line":288,"column":44},"end":{"line":288,"column":67},"skip":true}]},"22":{"line":292,"type":"binary-expr","locations":[{"start":{"line":292,"column":12},"end":{"line":292,"column":50},"skip":true},{"start":{"line":293,"column":12},"end":{"line":293,"column":53},"skip":true}]},"23":{"line":297,"type":"binary-expr","locations":[{"start":{"line":297,"column":12},"end":{"line":297,"column":66},"skip":true},{"start":{"line":298,"column":12},"end":{"line":301,"column":36},"skip":true}]},"24":{"line":303,"type":"binary-expr","locations":[{"start":{"line":303,"column":43},"end":{"line":303,"column":75},"skip":true},{"start":{"line":303,"column":79},"end":{"line":303,"column":81},"skip":true}]},"25":{"line":306,"type":"if","locations":[{"start":{"line":306,"column":8},"end":{"line":306,"column":8},"skip":true},{"start":{"line":306,"column":8},"end":{"line":306,"column":8},"skip":true}]},"26":{"line":310,"type":"if","locations":[{"start":{"line":310,"column":8},"end":{"line":310,"column":8},"skip":true},{"start":{"line":310,"column":8},"end":{"line":310,"column":8},"skip":true}]},"27":{"line":313,"type":"binary-expr","locations":[{"start":{"line":313,"column":27},"end":{"line":313,"column":43},"skip":true},{"start":{"line":313,"column":47},"end":{"line":313,"column":53},"skip":true}]},"28":{"line":317,"type":"if","locations":[{"start":{"line":317,"column":12},"end":{"line":317,"column":12},"skip":true},{"start":{"line":317,"column":12},"end":{"line":317,"column":12},"skip":true}]}},"code":["/*","example.js","","quickstart example","","instruction","    1. save this script as example.js","    2. run the shell command:","        $ npm install npmtest-xbee-api && PORT=8081 node example.js","    3. play with the browser-demo on http://127.0.0.1:8081","*/","","","","/* istanbul instrument in package npmtest_xbee_api */","/*jslint","    bitwise: true,","    browser: true,","    maxerr: 8,","    maxlen: 96,","    node: true,","    nomen: true,","    regexp: true,","    stupid: true","*/","(function () {","    'use strict';","    var local;","","","","    // run shared js-env code - init-before","    (function () {","        // init local","        local = {};","        // init modeJs","        local.modeJs = (function () {","            try {","                return typeof navigator.userAgent === 'string' &&","                    typeof document.querySelector('body') === 'object' &&","                    typeof XMLHttpRequest.prototype.open === 'function' &&","                    'browser';","            } catch (errorCaughtBrowser) {","                return module.exports &&","                    typeof process.versions.node === 'string' &&","                    typeof require('http').createServer === 'function' &&","                    'node';","            }","        }());","        // init global","        local.global = local.modeJs === 'browser'","            ? window","            : global;","        // init utility2_rollup","        local = local.global.utility2_rollup || (local.modeJs === 'browser'","            ? local.global.utility2_npmtest_xbee_api","            : global.utility2_moduleExports);","        // export local","        local.global.local = local;","    }());","    switch (local.modeJs) {","","","","    // init-after","    // run browser js-env code - init-after","    /* istanbul ignore next */","    case 'browser':","        local.testRunBrowser = function (event) {","            if (!event || (event &&","                    event.currentTarget &&","                    event.currentTarget.className &&","                    event.currentTarget.className.includes &&","                    event.currentTarget.className.includes('onreset'))) {","                // reset output","                Array.from(","                    document.querySelectorAll('body > .resettable')","                ).forEach(function (element) {","                    switch (element.tagName) {","                    case 'INPUT':","                    case 'TEXTAREA':","                        element.value = '';","                        break;","                    default:","                        element.textContent = '';","                    }","                });","            }","            switch (event && event.currentTarget && event.currentTarget.id) {","            case 'testRunButton1':","                // show tests","                if (document.querySelector('#testReportDiv1').style.display === 'none') {","                    document.querySelector('#testReportDiv1').style.display = 'block';","                    document.querySelector('#testRunButton1').textContent =","                        'hide internal test';","                    local.modeTest = true;","                    local.testRunDefault(local);","                // hide tests","                } else {","                    document.querySelector('#testReportDiv1').style.display = 'none';","                    document.querySelector('#testRunButton1').textContent = 'run internal test';","                }","                break;","            // custom-case","            default:","                break;","            }","            if (document.querySelector('#inputTextareaEval1') && (!event || (event &&","                    event.currentTarget &&","                    event.currentTarget.className &&","                    event.currentTarget.className.includes &&","                    event.currentTarget.className.includes('oneval')))) {","                // try to eval input-code","                try {","                    /*jslint evil: true*/","                    eval(document.querySelector('#inputTextareaEval1').value);","                } catch (errorCaught) {","                    console.error(errorCaught);","                }","            }","        };","        // log stderr and stdout to #outputTextareaStdout1","        ['error', 'log'].forEach(function (key) {","            console[key + '_original'] = console[key];","            console[key] = function () {","                var element;","                console[key + '_original'].apply(console, arguments);","                element = document.querySelector('#outputTextareaStdout1');","                if (!element) {","                    return;","                }","                // append text to #outputTextareaStdout1","                element.value += Array.from(arguments).map(function (arg) {","                    return typeof arg === 'string'","                        ? arg","                        : JSON.stringify(arg, null, 4);","                }).join(' ') + '\\n';","                // scroll textarea to bottom","                element.scrollTop = element.scrollHeight;","            };","        });","        // init event-handling","        ['change', 'click', 'keyup'].forEach(function (event) {","            Array.from(document.querySelectorAll('.on' + event)).forEach(function (element) {","                element.addEventListener(event, local.testRunBrowser);","            });","        });","        // run tests","        local.testRunBrowser();","        break;","","","","    // run node js-env code - init-after","    /* istanbul ignore next */","    case 'node':","        // export local","        module.exports = local;","        // require modules","        local.fs = require('fs');","        local.http = require('http');","        local.url = require('url');","        // init assets","        local.assetsDict = local.assetsDict || {};","        /* jslint-ignore-begin */","        local.assetsDict['/assets.index.template.html'] = '\\","<!doctype html>\\n\\","<html lang=\"en\">\\n\\","<head>\\n\\","<meta charset=\"UTF-8\">\\n\\","<meta name=\"viewport\" content=\"width=device-width, initial-scale=1\">\\n\\","<title>{{env.npm_package_name}} (v{{env.npm_package_version}})</title>\\n\\","<style>\\n\\","/*csslint\\n\\","    box-sizing: false,\\n\\","    universal-selector: false\\n\\","*/\\n\\","* {\\n\\","    box-sizing: border-box;\\n\\","}\\n\\","body {\\n\\","    background: #dde;\\n\\","    font-family: Arial, Helvetica, sans-serif;\\n\\","    margin: 2rem;\\n\\","}\\n\\","body > * {\\n\\","    margin-bottom: 1rem;\\n\\","}\\n\\",".utility2FooterDiv {\\n\\","    margin-top: 20px;\\n\\","    text-align: center;\\n\\","}\\n\\","</style>\\n\\","<style>\\n\\","/*csslint\\n\\","*/\\n\\","textarea {\\n\\","    font-family: monospace;\\n\\","    height: 10rem;\\n\\","    width: 100%;\\n\\","}\\n\\","textarea[readonly] {\\n\\","    background: #ddd;\\n\\","}\\n\\","</style>\\n\\","</head>\\n\\","<body>\\n\\","<!-- utility2-comment\\n\\","<div id=\"ajaxProgressDiv1\" style=\"background: #d00; height: 2px; left: 0; margin: 0; padding: 0; position: fixed; top: 0; transition: background 0.5s, width 1.5s; width: 25%;\"></div>\\n\\","utility2-comment -->\\n\\","<h1>\\n\\","<!-- utility2-comment\\n\\","    <a\\n\\","        {{#if env.npm_package_homepage}}\\n\\","        href=\"{{env.npm_package_homepage}}\"\\n\\","        {{/if env.npm_package_homepage}}\\n\\","        target=\"_blank\"\\n\\","    >\\n\\","utility2-comment -->\\n\\","        {{env.npm_package_name}} (v{{env.npm_package_version}})\\n\\","<!-- utility2-comment\\n\\","    </a>\\n\\","utility2-comment -->\\n\\","</h1>\\n\\","<h3>{{env.npm_package_description}}</h3>\\n\\","<!-- utility2-comment\\n\\","<h4><a download href=\"assets.app.js\">download standalone app</a></h4>\\n\\","<button class=\"onclick onreset\" id=\"testRunButton1\">run internal test</button><br>\\n\\","<div id=\"testReportDiv1\" style=\"display: none;\"></div>\\n\\","utility2-comment -->\\n\\","\\n\\","\\n\\","\\n\\","<label>stderr and stdout</label>\\n\\","<textarea class=\"resettable\" id=\"outputTextareaStdout1\" readonly></textarea>\\n\\","<!-- utility2-comment\\n\\","{{#if isRollup}}\\n\\","<script src=\"assets.app.js\"></script>\\n\\","{{#unless isRollup}}\\n\\","utility2-comment -->\\n\\","<script src=\"assets.utility2.rollup.js\"></script>\\n\\","<script src=\"jsonp.utility2._stateInit?callback=window.utility2._stateInit\"></script>\\n\\","<script src=\"assets.npmtest_xbee_api.rollup.js\"></script>\\n\\","<script src=\"assets.example.js\"></script>\\n\\","<script src=\"assets.test.js\"></script>\\n\\","<!-- utility2-comment\\n\\","{{/if isRollup}}\\n\\","utility2-comment -->\\n\\","<div class=\"utility2FooterDiv\">\\n\\","    [ this app was created with\\n\\","    <a href=\"https://github.com/kaizhu256/node-utility2\" target=\"_blank\">utility2</a>\\n\\","    ]\\n\\","</div>\\n\\","</body>\\n\\","</html>\\n\\","';","        /* jslint-ignore-end */","        if (local.templateRender) {","            local.assetsDict['/'] = local.templateRender(","                local.assetsDict['/assets.index.template.html'],","                {","                    env: local.objectSetDefault(local.env, {","                        npm_package_description: 'the greatest app in the world!',","                        npm_package_name: 'my-app',","                        npm_package_nameAlias: 'my_app',","                        npm_package_version: '0.0.1'","                    })","                }","            );","        } else {","            local.assetsDict['/'] = local.assetsDict['/assets.index.template.html']","                .replace((/\\{\\{env\\.(\\w+?)\\}\\}/g), function (match0, match1) {","                    // jslint-hack","                    String(match0);","                    switch (match1) {","                    case 'npm_package_description':","                        return 'the greatest app in the world!';","                    case 'npm_package_name':","                        return 'my-app';","                    case 'npm_package_nameAlias':","                        return 'my_app';","                    case 'npm_package_version':","                        return '0.0.1';","                    }","                });","        }","        // run the cli","        if (local.global.utility2_rollup || module !== require.main) {","            break;","        }","        local.assetsDict['/assets.example.js'] =","            local.assetsDict['/assets.example.js'] ||","            local.fs.readFileSync(__filename, 'utf8');","        // bug-workaround - long $npm_package_buildCustomOrg","        /* jslint-ignore-begin */","        local.assetsDict['/assets.npmtest_xbee_api.rollup.js'] =","            local.assetsDict['/assets.npmtest_xbee_api.rollup.js'] ||","            local.fs.readFileSync(","                local.npmtest_xbee_api.__dirname + '/lib.npmtest_xbee_api.js',","                'utf8'","            ).replace((/^#!/), '//');","        /* jslint-ignore-end */","        local.assetsDict['/favicon.ico'] = local.assetsDict['/favicon.ico'] || '';","        // if $npm_config_timeout_exit exists,","        // then exit this process after $npm_config_timeout_exit ms","        if (Number(process.env.npm_config_timeout_exit)) {","            setTimeout(process.exit, Number(process.env.npm_config_timeout_exit));","        }","        // start server","        if (local.global.utility2_serverHttp1) {","            break;","        }","        process.env.PORT = process.env.PORT || '8081';","        console.error('server starting on port ' + process.env.PORT);","        local.http.createServer(function (request, response) {","            request.urlParsed = local.url.parse(request.url);","            if (local.assetsDict[request.urlParsed.pathname] !== undefined) {","                response.end(local.assetsDict[request.urlParsed.pathname]);","                return;","            }","            response.statusCode = 404;","            response.end();","        }).listen(process.env.PORT);","        break;","    }","}());",""],"l":{"26":2,"28":2,"33":2,"35":2,"37":2,"38":2,"39":2,"44":1,"51":2,"55":2,"59":2,"61":2,"69":1,"70":2,"76":2,"79":2,"82":2,"83":2,"85":1,"89":2,"92":1,"93":1,"94":1,"96":1,"97":1,"100":1,"101":1,"103":1,"106":1,"108":2,"114":1,"116":1,"118":1,"123":1,"124":2,"125":2,"126":3,"127":3,"128":3,"129":3,"130":1,"133":3,"134":3,"139":3,"143":1,"144":3,"145":1,"149":1,"150":1,"158":1,"160":1,"161":1,"162":1,"164":1,"166":1,"258":1,"259":1,"271":1,"274":6,"275":6,"277":1,"279":2,"281":1,"283":2,"288":1,"289":1,"291":1,"296":1,"303":1,"306":1,"307":1,"310":1,"311":1,"313":1,"314":1,"315":1,"316":1,"317":1,"318":1,"319":1,"321":1,"322":1,"324":1}},"/home/travis/build/npmtest/node-npmtest-xbee-api/node_modules/xbee-api/lib/xbee-api.js":{"path":"/home/travis/build/npmtest/node-npmtest-xbee-api/node_modules/xbee-api/lib/xbee-api.js","s":{"1":1,"2":1,"3":1,"4":1,"5":1,"6":1,"7":1,"8":0,"9":0,"10":0,"11":0,"12":0,"13":0,"14":1,"15":1,"16":1,"17":0,"18":0,"19":0,"20":0,"21":0,"22":0,"23":0,"24":0,"25":0,"26":0,"27":1,"28":0,"29":0,"30":0,"31":0,"32":0,"33":0,"34":0,"35":0,"36":0,"37":0,"38":0,"39":0,"40":0,"41":0,"42":0,"43":0,"44":0,"45":1,"46":0,"47":0,"48":0,"49":0,"50":1,"51":0,"52":0,"53":1,"54":0,"55":1,"56":0,"57":1,"58":0,"59":0,"60":1,"61":0,"62":0,"63":0,"64":0,"65":0,"66":0,"67":0,"68":0,"69":0,"70":0,"71":0,"72":0,"73":0,"74":0,"75":0,"76":0,"77":0,"78":0,"79":0,"80":0,"81":0,"82":0,"83":0,"84":0,"85":0,"86":0,"87":0,"88":0,"89":0,"90":0,"91":0,"92":0,"93":0,"94":0,"95":0,"96":0,"97":0,"98":0,"99":0,"100":0,"101":0,"102":0,"103":0,"104":0,"105":0,"106":0},"b":{"1":[0,0],"2":[0,0],"3":[0,0],"4":[0,0],"5":[0,0],"6":[0,0],"7":[0,0],"8":[0,0],"9":[0,0],"10":[0,0],"11":[0,0],"12":[0,0],"13":[0,0],"14":[0,0],"15":[0,0],"16":[0,0],"17":[0,0],"18":[0,0],"19":[0,0],"20":[0,0],"21":[0,0]},"f":{"1":0,"2":0,"3":0,"4":0,"5":0,"6":0,"7":0,"8":0,"9":0,"10":0},"fnMap":{"1":{"name":"XBeeAPI","line":32,"loc":{"start":{"line":32,"column":0},"end":{"line":32,"column":26}}},"2":{"name":"(anonymous_2)","line":55,"loc":{"start":{"line":55,"column":27},"end":{"line":55,"column":44}}},"3":{"name":"(anonymous_3)","line":73,"loc":{"start":{"line":73,"column":31},"end":{"line":73,"column":47}}},"4":{"name":"(anonymous_4)","line":107,"loc":{"start":{"line":107,"column":31},"end":{"line":107,"column":50}}},"5":{"name":"(anonymous_5)","line":121,"loc":{"start":{"line":121,"column":29},"end":{"line":121,"column":46}}},"6":{"name":"(anonymous_6)","line":126,"loc":{"start":{"line":126,"column":29},"end":{"line":126,"column":44}}},"7":{"name":"(anonymous_7)","line":130,"loc":{"start":{"line":130,"column":32},"end":{"line":130,"column":43}}},"8":{"name":"(anonymous_8)","line":134,"loc":{"start":{"line":134,"column":30},"end":{"line":134,"column":41}}},"9":{"name":"(anonymous_9)","line":135,"loc":{"start":{"line":135,"column":9},"end":{"line":135,"column":35}}},"10":{"name":"(anonymous_10)","line":140,"loc":{"start":{"line":140,"column":29},"end":{"line":140,"column":46}}}},"statementMap":{"1":{"start":{"line":11,"column":0},"end":{"line":16,"column":44}},"2":{"start":{"line":18,"column":0},"end":{"line":18,"column":25}},"3":{"start":{"line":20,"column":0},"end":{"line":20,"column":60}},"4":{"start":{"line":21,"column":0},"end":{"line":21,"column":69}},"5":{"start":{"line":22,"column":0},"end":{"line":22,"column":72}},"6":{"start":{"line":24,"column":0},"end":{"line":30,"column":2}},"7":{"start":{"line":32,"column":0},"end":{"line":50,"column":1}},"8":{"start":{"line":33,"column":2},"end":{"line":33,"column":33}},"9":{"start":{"line":34,"column":2},"end":{"line":34,"column":26}},"10":{"start":{"line":35,"column":2},"end":{"line":35,"column":31}},"11":{"start":{"line":36,"column":2},"end":{"line":36,"column":25}},"12":{"start":{"line":38,"column":2},"end":{"line":47,"column":4}},"13":{"start":{"line":49,"column":2},"end":{"line":49,"column":14}},"14":{"start":{"line":51,"column":0},"end":{"line":51,"column":44}},"15":{"start":{"line":53,"column":0},"end":{"line":53,"column":26}},"16":{"start":{"line":55,"column":0},"end":{"line":71,"column":2}},"17":{"start":{"line":56,"column":2},"end":{"line":57,"column":42}},"18":{"start":{"line":57,"column":4},"end":{"line":57,"column":42}},"19":{"start":{"line":59,"column":2},"end":{"line":59,"column":17}},"20":{"start":{"line":60,"column":2},"end":{"line":60,"column":52}},"21":{"start":{"line":61,"column":2},"end":{"line":68,"column":3}},"22":{"start":{"line":62,"column":4},"end":{"line":67,"column":5}},"23":{"start":{"line":63,"column":6},"end":{"line":63,"column":55}},"24":{"start":{"line":64,"column":6},"end":{"line":64,"column":72}},"25":{"start":{"line":66,"column":6},"end":{"line":66,"column":56}},"26":{"start":{"line":70,"column":2},"end":{"line":70,"column":57}},"27":{"start":{"line":73,"column":0},"end":{"line":104,"column":2}},"28":{"start":{"line":74,"column":2},"end":{"line":74,"column":58}},"29":{"start":{"line":76,"column":2},"end":{"line":76,"column":33}},"30":{"start":{"line":77,"column":2},"end":{"line":77,"column":32}},"31":{"start":{"line":78,"column":2},"end":{"line":78,"column":43}},"32":{"start":{"line":80,"column":2},"end":{"line":81,"column":95}},"33":{"start":{"line":81,"column":4},"end":{"line":81,"column":95}},"34":{"start":{"line":84,"column":2},"end":{"line":84,"column":44}},"35":{"start":{"line":87,"column":2},"end":{"line":87,"column":19}},"36":{"start":{"line":88,"column":2},"end":{"line":88,"column":66}},"37":{"start":{"line":88,"column":43},"end":{"line":88,"column":66}},"38":{"start":{"line":89,"column":2},"end":{"line":89,"column":46}},"39":{"start":{"line":92,"column":2},"end":{"line":92,"column":45}},"40":{"start":{"line":95,"column":2},"end":{"line":95,"column":38}},"41":{"start":{"line":96,"column":2},"end":{"line":96,"column":36}},"42":{"start":{"line":97,"column":2},"end":{"line":97,"column":45}},"43":{"start":{"line":100,"column":2},"end":{"line":100,"column":60}},"44":{"start":{"line":103,"column":2},"end":{"line":103,"column":68}},"45":{"start":{"line":107,"column":0},"end":{"line":119,"column":2}},"46":{"start":{"line":109,"column":2},"end":{"line":109,"column":71}},"47":{"start":{"line":111,"column":2},"end":{"line":113,"column":4}},"48":{"start":{"line":116,"column":2},"end":{"line":116,"column":56}},"49":{"start":{"line":118,"column":2},"end":{"line":118,"column":15}},"50":{"start":{"line":121,"column":0},"end":{"line":124,"column":2}},"51":{"start":{"line":122,"column":2},"end":{"line":122,"column":33}},"52":{"start":{"line":123,"column":2},"end":{"line":123,"column":30}},"53":{"start":{"line":126,"column":0},"end":{"line":128,"column":2}},"54":{"start":{"line":127,"column":2},"end":{"line":127,"column":31}},"55":{"start":{"line":130,"column":0},"end":{"line":132,"column":2}},"56":{"start":{"line":131,"column":2},"end":{"line":131,"column":37}},"57":{"start":{"line":134,"column":0},"end":{"line":138,"column":2}},"58":{"start":{"line":135,"column":2},"end":{"line":137,"column":15}},"59":{"start":{"line":136,"column":4},"end":{"line":136,"column":26}},"60":{"start":{"line":140,"column":0},"end":{"line":214,"column":2}},"61":{"start":{"line":141,"column":2},"end":{"line":141,"column":26}},"62":{"start":{"line":142,"column":2},"end":{"line":213,"column":3}},"63":{"start":{"line":143,"column":4},"end":{"line":143,"column":20}},"64":{"start":{"line":144,"column":4},"end":{"line":152,"column":5}},"65":{"start":{"line":145,"column":6},"end":{"line":145,"column":35}},"66":{"start":{"line":146,"column":6},"end":{"line":146,"column":19}},"67":{"start":{"line":147,"column":6},"end":{"line":147,"column":18}},"68":{"start":{"line":148,"column":6},"end":{"line":148,"column":24}},"69":{"start":{"line":149,"column":6},"end":{"line":149,"column":19}},"70":{"start":{"line":150,"column":6},"end":{"line":150,"column":28}},"71":{"start":{"line":151,"column":6},"end":{"line":151,"column":24}},"72":{"start":{"line":154,"column":4},"end":{"line":157,"column":5}},"73":{"start":{"line":155,"column":6},"end":{"line":155,"column":27}},"74":{"start":{"line":156,"column":6},"end":{"line":156,"column":15}},"75":{"start":{"line":159,"column":4},"end":{"line":162,"column":5}},"76":{"start":{"line":160,"column":6},"end":{"line":160,"column":23}},"77":{"start":{"line":161,"column":6},"end":{"line":161,"column":28}},"78":{"start":{"line":164,"column":4},"end":{"line":171,"column":5}},"79":{"start":{"line":165,"column":8},"end":{"line":170,"column":9}},"80":{"start":{"line":166,"column":10},"end":{"line":166,"column":47}},"81":{"start":{"line":168,"column":12},"end":{"line":168,"column":54}},"82":{"start":{"line":169,"column":12},"end":{"line":169,"column":29}},"83":{"start":{"line":173,"column":4},"end":{"line":175,"column":5}},"84":{"start":{"line":174,"column":6},"end":{"line":174,"column":15}},"85":{"start":{"line":177,"column":4},"end":{"line":180,"column":5}},"86":{"start":{"line":178,"column":6},"end":{"line":178,"column":27}},"87":{"start":{"line":179,"column":6},"end":{"line":179,"column":15}},"88":{"start":{"line":181,"column":4},"end":{"line":184,"column":5}},"89":{"start":{"line":182,"column":6},"end":{"line":182,"column":22}},"90":{"start":{"line":183,"column":6},"end":{"line":183,"column":15}},"91":{"start":{"line":186,"column":4},"end":{"line":193,"column":5}},"92":{"start":{"line":187,"column":6},"end":{"line":192,"column":7}},"93":{"start":{"line":188,"column":8},"end":{"line":188,"column":23}},"94":{"start":{"line":189,"column":8},"end":{"line":189,"column":17}},"95":{"start":{"line":191,"column":8},"end":{"line":191,"column":25}},"96":{"start":{"line":195,"column":4},"end":{"line":212,"column":5}},"97":{"start":{"line":196,"column":6},"end":{"line":199,"column":7}},"98":{"start":{"line":197,"column":8},"end":{"line":197,"column":70}},"99":{"start":{"line":198,"column":8},"end":{"line":198,"column":32}},"100":{"start":{"line":201,"column":6},"end":{"line":201,"column":49}},"101":{"start":{"line":202,"column":6},"end":{"line":207,"column":7}},"102":{"start":{"line":203,"column":8},"end":{"line":203,"column":41}},"103":{"start":{"line":205,"column":8},"end":{"line":205,"column":46}},"104":{"start":{"line":206,"column":8},"end":{"line":206,"column":41}},"105":{"start":{"line":210,"column":6},"end":{"line":210,"column":23}},"106":{"start":{"line":211,"column":6},"end":{"line":211,"column":19}}},"branchMap":{"1":{"line":34,"type":"binary-expr","locations":[{"start":{"line":34,"column":12},"end":{"line":34,"column":19}},{"start":{"line":34,"column":23},"end":{"line":34,"column":25}}]},"2":{"line":56,"type":"if","locations":[{"start":{"line":56,"column":2},"end":{"line":56,"column":2}},{"start":{"line":56,"column":2},"end":{"line":56,"column":2}}]},"3":{"line":62,"type":"if","locations":[{"start":{"line":62,"column":4},"end":{"line":62,"column":4}},{"start":{"line":62,"column":4},"end":{"line":62,"column":4}}]},"4":{"line":80,"type":"if","locations":[{"start":{"line":80,"column":2},"end":{"line":80,"column":2}},{"start":{"line":80,"column":2},"end":{"line":80,"column":2}}]},"5":{"line":103,"type":"cond-expr","locations":[{"start":{"line":103,"column":39},"end":{"line":103,"column":58}},{"start":{"line":103,"column":61},"end":{"line":103,"column":67}}]},"6":{"line":144,"type":"if","locations":[{"start":{"line":144,"column":4},"end":{"line":144,"column":4}},{"start":{"line":144,"column":4},"end":{"line":144,"column":4}}]},"7":{"line":154,"type":"if","locations":[{"start":{"line":154,"column":4},"end":{"line":154,"column":4}},{"start":{"line":154,"column":4},"end":{"line":154,"column":4}}]},"8":{"line":154,"type":"binary-expr","locations":[{"start":{"line":154,"column":8},"end":{"line":154,"column":35}},{"start":{"line":154,"column":39},"end":{"line":154,"column":55}}]},"9":{"line":159,"type":"if","locations":[{"start":{"line":159,"column":4},"end":{"line":159,"column":4}},{"start":{"line":159,"column":4},"end":{"line":159,"column":4}}]},"10":{"line":164,"type":"if","locations":[{"start":{"line":164,"column":4},"end":{"line":164,"column":4}},{"start":{"line":164,"column":4},"end":{"line":164,"column":4}}]},"11":{"line":165,"type":"if","locations":[{"start":{"line":165,"column":8},"end":{"line":165,"column":8}},{"start":{"line":165,"column":8},"end":{"line":165,"column":8}}]},"12":{"line":173,"type":"if","locations":[{"start":{"line":173,"column":4},"end":{"line":173,"column":4}},{"start":{"line":173,"column":4},"end":{"line":173,"column":4}}]},"13":{"line":177,"type":"if","locations":[{"start":{"line":177,"column":4},"end":{"line":177,"column":4}},{"start":{"line":177,"column":4},"end":{"line":177,"column":4}}]},"14":{"line":181,"type":"if","locations":[{"start":{"line":181,"column":4},"end":{"line":181,"column":4}},{"start":{"line":181,"column":4},"end":{"line":181,"column":4}}]},"15":{"line":186,"type":"if","locations":[{"start":{"line":186,"column":4},"end":{"line":186,"column":4}},{"start":{"line":186,"column":4},"end":{"line":186,"column":4}}]},"16":{"line":187,"type":"if","locations":[{"start":{"line":187,"column":6},"end":{"line":187,"column":6}},{"start":{"line":187,"column":6},"end":{"line":187,"column":6}}]},"17":{"line":195,"type":"if","locations":[{"start":{"line":195,"column":4},"end":{"line":195,"column":4}},{"start":{"line":195,"column":4},"end":{"line":195,"column":4}}]},"18":{"line":195,"type":"binary-expr","locations":[{"start":{"line":195,"column":8},"end":{"line":195,"column":20}},{"start":{"line":195,"column":24},"end":{"line":195,"column":49}}]},"19":{"line":196,"type":"if","locations":[{"start":{"line":196,"column":6},"end":{"line":196,"column":6}},{"start":{"line":196,"column":6},"end":{"line":196,"column":6}}]},"20":{"line":202,"type":"if","locations":[{"start":{"line":202,"column":6},"end":{"line":202,"column":6}},{"start":{"line":202,"column":6},"end":{"line":202,"column":6}}]},"21":{"line":202,"type":"binary-expr","locations":[{"start":{"line":202,"column":10},"end":{"line":202,"column":33}},{"start":{"line":202,"column":37},"end":{"line":202,"column":61}}]}},"code":["/*"," * xbee-api"," * https://github.com/jouz/xbee-api"," *"," * Copyright (c) 2013 Jan Kolkmeier"," * Licensed under the MIT license."," */","","'use strict';","","var util = require('util'),","    assert = require('assert'),","    events = require('events'),","    Buffer = require('safe-buffer').Buffer,","    BufferBuilder = require('buffer-builder'),","    BufferReader = require('buffer-reader');","","exports = module.exports;","","var C       = exports.constants = require('./constants.js');","var frame_parser = exports._frame_parser = require('./frame-parser');","var frame_builder = exports._frame_builder = require('./frame-builder');","","var _options = {","  raw_frames: false,","  api_mode: 1,","  module: \"Any\",","  convert_adc: true,","  vref_adc: 1200,","};","","function XBeeAPI(options) {","  events.EventEmitter.call(this);","  options = options || {};","  options.__proto__ = _options;","  this.options = options;","","  this.parseState = {","    buffer: Buffer.alloc(128),","    offset: 0,         // Offset in buffer","    length: 0,         // Packet Length","    total: 0,          // To test Checksum","    checksum: 0x00,    // Checksum byte","    b: 0x00,           // Working byte","    escape_next: false,// For escaping in AP=2","    waiting: true","  };","","  return this;","}","util.inherits(XBeeAPI, events.EventEmitter);","","exports.XBeeAPI = XBeeAPI;","","XBeeAPI.prototype.escape = function(buffer) {","  if (this.escapeBuffer === undefined)","    this.escapeBuffer = Buffer.alloc(512);","","  var offset = 0;","  this.escapeBuffer.writeUInt8(buffer[0], offset++);","  for (var i = 1; i < buffer.length; i++) {","    if (C.ESCAPE_BYTES.indexOf(buffer[i]) > -1) {","      this.escapeBuffer.writeUInt8(C.ESCAPE, offset++);","      this.escapeBuffer.writeUInt8(buffer[i] ^ C.ESCAPE_WITH, offset++);","    } else {","      this.escapeBuffer.writeUInt8(buffer[i], offset++);","    }","  }","","  return Buffer.from(this.escapeBuffer.slice(0, offset));","};","","XBeeAPI.prototype.buildFrame = function(frame) {","  assert(frame, 'Frame parameter must be a frame object');","","  var packet = Buffer.alloc(256); // Packet buffer","  var payload = packet.slice(3); // Reference the buffer past the header","  var builder = new BufferBuilder(payload);","","  if(!frame_builder[frame.type])","    throw new Error('This library does not implement building the %d frame type.', frame.type);","","  // Let the builder fill the payload","  frame_builder[frame.type](frame, builder);","","  // Calculate & Append Checksum","  var checksum = 0;","  for (var i = 0; i < builder.length; i++) checksum += payload[i];","  builder.appendUInt8(255 - (checksum % 256));","  ","  // Get just the payload","  payload = payload.slice(0, builder.length);","","  // Build the header at the start of the packet buffer","  builder = new BufferBuilder(packet);","  builder.appendUInt8(C.START_BYTE);","  builder.appendUInt16BE(payload.length - 1); // Sans checksum","","  // Get the header and payload as one contiguous buffer","  packet = packet.slice(0, builder.length + payload.length);","","  // Escape the packet, if needed","  return this.options.api_mode === 2 ? this.escape(packet) : packet;","};","","// Note that this expects the whole frame to be escaped!","XBeeAPI.prototype.parseFrame = function(rawFrame) {","  // Trim the header and trailing checksum","  var reader = new BufferReader(rawFrame.slice(3, rawFrame.length -1));","","  var frame = {","    type: reader.nextUInt8() // Read Frame Type","  };","","  // Frame type specific parsing.","  frame_parser[frame.type](frame, reader, this.options);","","  return frame;","};","","XBeeAPI.prototype.canParse = function(buffer) {","  var type = buffer.readUInt8(3);","  return type in frame_parser;","};","","XBeeAPI.prototype.canBuild = function(type) {","  return type in frame_builder;","};","","XBeeAPI.prototype.nextFrameId = function() {","  return frame_builder.nextFrameId();","};","","XBeeAPI.prototype.rawParser = function() {","  return function(emitter, buffer) {","    this.parseRaw(buffer);","  }.bind(this);","};","","XBeeAPI.prototype.parseRaw = function(buffer) {","  var S = this.parseState;","  for(var i = 0; i < buffer.length; i++) {","    S.b = buffer[i];","    if (S.b === C.START_BYTE) {","      S.buffer = Buffer.alloc(128);","      S.length = 0;","      S.total = 0;","      S.checksum = 0x00;","      S.offset = 0;","      S.escape_next = false;","      S.waiting = false;","    }","","    if (this.options.api_mode === 2 && S.b === C.ESCAPE) {","      S.escape_next = true;","      continue;","    }","","    if (S.escape_next) {","      S.b = 0x20 ^ S.b;","      S.escape_next = false;","    }","","    if (!S.waiting) {","        if (S.buffer.length > S.offset) {","          S.buffer.writeUInt8(S.b, S.offset++);","        } else {","            console.log(\"We would have a problem...\");","            S.waiting = true;","        }","    }","    ","    if (S.offset === 1) {","      continue;","    }","","    if (S.offset === 2) {","      S.length  = S.b << 8; // most sign. bit of the length","      continue;","    }","    if (S.offset === 3) {","      S.length += S.b;     // least sign. bit of the length","      continue;","    }","","    if (S.offset > 3) { // unnessary check","      if (S.offset < S.length+4) {","        S.total += S.b;","        continue;","      } else {","        S.checksum = S.b;","      }","    }","","    if (S.length > 0 && S.offset === S.length + 4) {","      if (S.checksum !== (255 - (S.total % 256))) {","        var err = new Error(\"Checksum Mismatch \" + JSON.stringify(S));","        this.emit('error', err);","      }","","      var rawFrame = S.buffer.slice(0, S.offset);","      if (this.options.raw_frames || !this.canParse(rawFrame)) {","        this.emit(\"frame_raw\", rawFrame);","      } else {","        var frame = this.parseFrame(rawFrame);","        this.emit(\"frame_object\", frame);","      }","","      // Reset some things so we don't try to reeimt the same package if there is more (bogus?) data","      S.waiting = true;","      S.length = 0;","    }","  }","};",""],"l":{"11":1,"18":1,"20":1,"21":1,"22":1,"24":1,"32":1,"33":0,"34":0,"35":0,"36":0,"38":0,"49":0,"51":1,"53":1,"55":1,"56":0,"57":0,"59":0,"60":0,"61":0,"62":0,"63":0,"64":0,"66":0,"70":0,"73":1,"74":0,"76":0,"77":0,"78":0,"80":0,"81":0,"84":0,"87":0,"88":0,"89":0,"92":0,"95":0,"96":0,"97":0,"100":0,"103":0,"107":1,"109":0,"111":0,"116":0,"118":0,"121":1,"122":0,"123":0,"126":1,"127":0,"130":1,"131":0,"134":1,"135":0,"136":0,"140":1,"141":0,"142":0,"143":0,"144":0,"145":0,"146":0,"147":0,"148":0,"149":0,"150":0,"151":0,"154":0,"155":0,"156":0,"159":0,"160":0,"161":0,"164":0,"165":0,"166":0,"168":0,"169":0,"173":0,"174":0,"177":0,"178":0,"179":0,"181":0,"182":0,"183":0,"186":0,"187":0,"188":0,"189":0,"191":0,"195":0,"196":0,"197":0,"198":0,"201":0,"202":0,"203":0,"205":0,"206":0,"210":0,"211":0}},"/home/travis/build/npmtest/node-npmtest-xbee-api/node_modules/xbee-api/lib/constants.js":{"path":"/home/travis/build/npmtest/node-npmtest-xbee-api/node_modules/xbee-api/lib/constants.js","s":{"1":1,"2":1,"3":1,"4":1,"5":1,"6":1,"7":1,"8":1,"9":1,"10":1,"11":1,"12":1,"13":1,"14":1,"15":1,"16":1,"17":1,"18":1,"19":1,"20":1,"21":1,"22":1,"23":1,"24":1,"25":1,"26":1,"27":1,"28":1,"29":1,"30":1,"31":1,"32":1,"33":1,"34":1,"35":1,"36":1,"37":1,"38":1,"39":1,"40":1,"41":1,"42":1,"43":1,"44":1,"45":1,"46":1,"47":1,"48":1,"49":1,"50":1,"51":1,"52":1,"53":1,"54":1,"55":1,"56":1,"57":1,"58":1,"59":1,"60":1,"61":1,"62":1,"63":1,"64":1,"65":1,"66":1,"67":1,"68":1,"69":1,"70":1,"71":1,"72":1,"73":1,"74":1,"75":1,"76":1,"77":1,"78":1,"79":1,"80":1,"81":1,"82":1,"83":1,"84":1,"85":1,"86":1,"87":1,"88":1,"89":1,"90":1,"91":1,"92":1,"93":1,"94":1,"95":1,"96":1,"97":1,"98":1,"99":1,"100":1,"101":1,"102":1,"103":1,"104":1,"105":1,"106":1,"107":1,"108":1,"109":1,"110":1,"111":1,"112":1,"113":1,"114":1,"115":1,"116":1,"117":1,"118":1,"119":1,"120":1,"121":1,"122":1,"123":1,"124":1,"125":1,"126":1,"127":1,"128":1,"129":1,"130":1,"131":1,"132":1,"133":1,"134":1,"135":1,"136":1,"137":1,"138":1,"139":1,"140":1,"141":1,"142":1,"143":1,"144":1,"145":1,"146":1,"147":1,"148":1,"149":1,"150":1,"151":1,"152":1,"153":1,"154":1,"155":1,"156":1,"157":1,"158":1,"159":1,"160":1,"161":1,"162":1,"163":1,"164":1,"165":1,"166":1,"167":1,"168":1,"169":1,"170":1,"171":1,"172":1,"173":1,"174":1,"175":1,"176":1,"177":1,"178":1,"179":1,"180":1,"181":1,"182":1,"183":1,"184":1,"185":1,"186":1,"187":1,"188":1,"189":1,"190":1,"191":1,"192":1,"193":1,"194":1,"195":1,"196":1,"197":1,"198":1,"199":1,"200":1,"201":1,"202":1,"203":1,"204":1,"205":1,"206":1,"207":1,"208":1,"209":1,"210":1,"211":1,"212":1,"213":1,"214":1,"215":1,"216":1,"217":1,"218":1,"219":1,"220":1,"221":1,"222":1,"223":1,"224":1,"225":1,"226":1,"227":1,"228":1,"229":1,"230":1,"231":1,"232":1,"233":1,"234":1,"235":1,"236":1,"237":1,"238":1,"239":1,"240":1,"241":1,"242":1,"243":1,"244":1,"245":1,"246":1,"247":1,"248":1,"249":1,"250":1,"251":1,"252":1,"253":1,"254":1,"255":1,"256":1,"257":1,"258":1,"259":1,"260":1,"261":1,"262":11,"263":80,"264":1,"265":1,"266":1,"267":1,"268":1,"269":1,"270":1,"271":1,"272":1,"273":1,"274":1},"b":{},"f":{},"fnMap":{},"statementMap":{"1":{"start":{"line":11,"column":0},"end":{"line":11,"column":25}},"2":{"start":{"line":13,"column":0},"end":{"line":13,"column":26}},"3":{"start":{"line":14,"column":0},"end":{"line":14,"column":22}},"4":{"start":{"line":15,"column":0},"end":{"line":15,"column":20}},"5":{"start":{"line":16,"column":0},"end":{"line":16,"column":19}},"6":{"start":{"line":17,"column":0},"end":{"line":17,"column":27}},"7":{"start":{"line":19,"column":0},"end":{"line":19,"column":40}},"8":{"start":{"line":20,"column":0},"end":{"line":20,"column":76}},"9":{"start":{"line":21,"column":0},"end":{"line":21,"column":40}},"10":{"start":{"line":22,"column":0},"end":{"line":22,"column":40}},"11":{"start":{"line":23,"column":0},"end":{"line":23,"column":76}},"12":{"start":{"line":25,"column":0},"end":{"line":30,"column":2}},"13":{"start":{"line":32,"column":0},"end":{"line":32,"column":33}},"14":{"start":{"line":33,"column":0},"end":{"line":33,"column":41}},"15":{"start":{"line":34,"column":0},"end":{"line":34,"column":40}},"16":{"start":{"line":35,"column":0},"end":{"line":35,"column":39}},"17":{"start":{"line":36,"column":0},"end":{"line":36,"column":35}},"18":{"start":{"line":37,"column":0},"end":{"line":37,"column":38}},"19":{"start":{"line":38,"column":0},"end":{"line":38,"column":34}},"20":{"start":{"line":40,"column":0},"end":{"line":40,"column":57}},"21":{"start":{"line":41,"column":0},"end":{"line":41,"column":56}},"22":{"start":{"line":42,"column":0},"end":{"line":42,"column":56}},"23":{"start":{"line":43,"column":0},"end":{"line":43,"column":57}},"24":{"start":{"line":44,"column":0},"end":{"line":44,"column":31}},"25":{"start":{"line":45,"column":0},"end":{"line":45,"column":42}},"26":{"start":{"line":47,"column":0},"end":{"line":52,"column":2}},"27":{"start":{"line":55,"column":0},"end":{"line":55,"column":22}},"28":{"start":{"line":56,"column":0},"end":{"line":56,"column":32}},"29":{"start":{"line":57,"column":0},"end":{"line":57,"column":17}},"30":{"start":{"line":58,"column":0},"end":{"line":58,"column":27}},"31":{"start":{"line":59,"column":0},"end":{"line":59,"column":21}},"32":{"start":{"line":60,"column":0},"end":{"line":60,"column":31}},"33":{"start":{"line":63,"column":0},"end":{"line":63,"column":21}},"34":{"start":{"line":64,"column":0},"end":{"line":64,"column":31}},"35":{"start":{"line":65,"column":0},"end":{"line":65,"column":43}},"36":{"start":{"line":66,"column":0},"end":{"line":66,"column":55}},"37":{"start":{"line":67,"column":0},"end":{"line":67,"column":34}},"38":{"start":{"line":68,"column":0},"end":{"line":68,"column":44}},"39":{"start":{"line":69,"column":0},"end":{"line":69,"column":51}},"40":{"start":{"line":70,"column":0},"end":{"line":70,"column":61}},"41":{"start":{"line":71,"column":0},"end":{"line":71,"column":36}},"42":{"start":{"line":72,"column":0},"end":{"line":72,"column":43}},"43":{"start":{"line":73,"column":0},"end":{"line":73,"column":30}},"44":{"start":{"line":74,"column":0},"end":{"line":74,"column":40}},"45":{"start":{"line":75,"column":0},"end":{"line":75,"column":34}},"46":{"start":{"line":76,"column":0},"end":{"line":76,"column":44}},"47":{"start":{"line":77,"column":0},"end":{"line":77,"column":30}},"48":{"start":{"line":78,"column":0},"end":{"line":78,"column":40}},"49":{"start":{"line":79,"column":0},"end":{"line":79,"column":23}},"50":{"start":{"line":80,"column":0},"end":{"line":80,"column":33}},"51":{"start":{"line":81,"column":0},"end":{"line":81,"column":33}},"52":{"start":{"line":82,"column":0},"end":{"line":82,"column":43}},"53":{"start":{"line":83,"column":0},"end":{"line":83,"column":32}},"54":{"start":{"line":84,"column":0},"end":{"line":84,"column":49}},"55":{"start":{"line":85,"column":0},"end":{"line":85,"column":29}},"56":{"start":{"line":86,"column":0},"end":{"line":86,"column":56}},"57":{"start":{"line":87,"column":0},"end":{"line":87,"column":35}},"58":{"start":{"line":88,"column":0},"end":{"line":88,"column":55}},"59":{"start":{"line":89,"column":0},"end":{"line":89,"column":27}},"60":{"start":{"line":90,"column":0},"end":{"line":90,"column":54}},"61":{"start":{"line":91,"column":0},"end":{"line":91,"column":30}},"62":{"start":{"line":92,"column":0},"end":{"line":92,"column":57}},"63":{"start":{"line":93,"column":0},"end":{"line":93,"column":34}},"64":{"start":{"line":94,"column":0},"end":{"line":94,"column":44}},"65":{"start":{"line":95,"column":0},"end":{"line":95,"column":37}},"66":{"start":{"line":96,"column":0},"end":{"line":96,"column":56}},"67":{"start":{"line":97,"column":0},"end":{"line":97,"column":23}},"68":{"start":{"line":98,"column":0},"end":{"line":98,"column":43}},"69":{"start":{"line":99,"column":0},"end":{"line":99,"column":41}},"70":{"start":{"line":100,"column":0},"end":{"line":100,"column":51}},"71":{"start":{"line":101,"column":0},"end":{"line":101,"column":28}},"72":{"start":{"line":102,"column":0},"end":{"line":102,"column":56}},"73":{"start":{"line":103,"column":0},"end":{"line":103,"column":41}},"74":{"start":{"line":104,"column":0},"end":{"line":104,"column":51}},"75":{"start":{"line":105,"column":0},"end":{"line":105,"column":35}},"76":{"start":{"line":106,"column":0},"end":{"line":106,"column":45}},"77":{"start":{"line":109,"column":0},"end":{"line":109,"column":24}},"78":{"start":{"line":110,"column":0},"end":{"line":110,"column":58}},"79":{"start":{"line":111,"column":0},"end":{"line":111,"column":24}},"80":{"start":{"line":112,"column":0},"end":{"line":112,"column":58}},"81":{"start":{"line":113,"column":0},"end":{"line":113,"column":20}},"82":{"start":{"line":114,"column":0},"end":{"line":114,"column":41}},"83":{"start":{"line":115,"column":0},"end":{"line":115,"column":23}},"84":{"start":{"line":116,"column":0},"end":{"line":116,"column":56}},"85":{"start":{"line":117,"column":0},"end":{"line":117,"column":23}},"86":{"start":{"line":118,"column":0},"end":{"line":118,"column":56}},"87":{"start":{"line":119,"column":0},"end":{"line":119,"column":26}},"88":{"start":{"line":120,"column":0},"end":{"line":120,"column":59}},"89":{"start":{"line":121,"column":0},"end":{"line":121,"column":26}},"90":{"start":{"line":122,"column":0},"end":{"line":122,"column":59}},"91":{"start":{"line":126,"column":0},"end":{"line":126,"column":25}},"92":{"start":{"line":127,"column":0},"end":{"line":127,"column":35}},"93":{"start":{"line":128,"column":0},"end":{"line":128,"column":25}},"94":{"start":{"line":129,"column":0},"end":{"line":129,"column":41}},"95":{"start":{"line":130,"column":0},"end":{"line":130,"column":25}},"96":{"start":{"line":131,"column":0},"end":{"line":131,"column":35}},"97":{"start":{"line":132,"column":0},"end":{"line":132,"column":24}},"98":{"start":{"line":133,"column":0},"end":{"line":133,"column":34}},"99":{"start":{"line":134,"column":0},"end":{"line":134,"column":30}},"100":{"start":{"line":135,"column":0},"end":{"line":135,"column":40}},"101":{"start":{"line":136,"column":0},"end":{"line":136,"column":31}},"102":{"start":{"line":137,"column":0},"end":{"line":137,"column":53}},"103":{"start":{"line":138,"column":0},"end":{"line":138,"column":40}},"104":{"start":{"line":139,"column":0},"end":{"line":139,"column":50}},"105":{"start":{"line":140,"column":0},"end":{"line":140,"column":44}},"106":{"start":{"line":141,"column":0},"end":{"line":141,"column":71}},"107":{"start":{"line":142,"column":0},"end":{"line":142,"column":22}},"108":{"start":{"
[...]
.rssi = reader.nextUInt8();","  frame.receiveOptions = reader.nextUInt8();","  frame_parser.Recieved16BitPacketIO(frame, reader, options);","};",""],"l":{"11":1,"13":1,"15":1,"16":0,"17":0,"18":0,"19":0,"22":1,"23":0,"24":0,"25":0,"26":0,"29":1,"30":0,"31":0,"32":0,"33":0,"34":0,"35":0,"36":0,"37":0,"40":1,"41":0,"42":0,"43":0,"44":0,"45":0,"57":0,"58":0,"59":0,"61":0,"65":0,"66":0,"71":0,"72":0,"79":1,"80":0,"83":1,"84":0,"85":0,"86":0,"87":0,"90":1,"91":0,"92":0,"93":0,"94":0,"95":0,"96":0,"98":0,"102":1,"103":0,"104":0,"105":0,"106":0,"107":0,"108":0,"109":0,"110":0,"111":0,"112":0,"114":0,"118":1,"119":0,"120":0,"121":0,"122":0,"123":0,"126":1,"127":0,"128":0,"129":0,"130":0,"131":0,"132":0,"133":0,"137":1,"139":0,"140":0,"141":0,"144":1,"145":0,"146":0,"147":0,"148":0,"149":0,"150":0,"153":1,"154":0,"155":0,"156":0,"157":0,"158":0,"159":0,"162":1,"163":0,"164":0,"165":0,"166":0,"167":0,"168":0,"169":0,"170":0,"171":0,"172":0,"175":1,"176":0,"177":0,"178":0,"179":0,"182":1,"183":0,"184":0,"185":0,"186":0,"189":1,"190":0,"191":0,"194":0,"196":0,"197":0,"198":0,"199":0,"200":0,"201":0,"205":1,"206":0,"207":0,"208":0,"210":0,"211":0,"212":0,"213":0,"215":0,"216":0,"217":0,"218":0,"219":0,"224":0,"225":0,"226":0,"227":0,"229":0,"230":0,"233":0,"241":1,"242":0,"243":0,"246":0,"247":0,"248":0,"249":0,"250":0,"253":0,"255":0,"256":0,"262":0,"263":0,"264":0,"265":0,"269":0,"270":0,"271":0,"276":0,"277":0,"278":0,"279":0,"281":0,"284":0,"287":0,"290":1,"291":0,"292":0,"295":1,"296":0,"297":0,"298":0,"299":0,"302":1,"303":0,"304":0,"305":0,"306":0,"309":1,"310":0,"311":0,"312":0,"313":0,"318":1,"319":0,"320":0,"321":0,"322":0}},"/home/travis/build/npmtest/node-npmtest-xbee-api/node_modules/xbee-api/lib/frame-builder.js":{"path":"/home/travis/build/npmtest/node-npmtest-xbee-api/node_modules/xbee-api/lib/frame-builder.js","s":{"1":1,"2":1,"3":0,"4":0,"5":0,"6":0,"7":0,"8":1,"9":0,"10":0,"11":0,"12":0,"13":1,"14":0,"15":0,"16":0,"17":0,"18":1,"19":0,"20":0,"21":0,"22":0,"23":0,"24":0,"25":0,"26":1,"27":0,"28":0,"29":0,"30":0,"31":0,"32":0,"33":0,"34":1,"35":0,"36":0,"37":0,"38":0,"39":0,"40":0,"41":0,"42":0,"43":0,"44":0,"45":0,"46":0,"47":0,"48":0,"49":0,"50":1,"51":0,"52":0,"53":0,"54":0,"55":0,"56":0,"57":0,"58":0,"59":1,"60":0,"61":0,"62":0,"63":0,"64":0,"65":1,"66":0,"67":0,"68":0,"69":0,"70":0},"b":{"1":[0,0],"2":[0,0,0,0],"3":[0,0],"4":[0,0],"5":[0,0],"6":[0,0],"7":[0,0],"8":[0,0],"9":[0,0],"10":[0,0],"11":[0,0],"12":[0,0],"13":[0,0],"14":[0,0],"15":[0,0],"16":[0,0],"17":[0,0],"18":[0,0],"19":[0,0],"20":[0,0],"21":[0,0]},"f":{"1":0,"2":0,"3":0,"4":0,"5":0,"6":0,"7":0,"8":0,"9":0,"10":0},"fnMap":{"1":{"name":"nextFrameId","line":17,"loc":{"start":{"line":17,"column":15},"end":{"line":17,"column":38}}},"2":{"name":"getFrameId","line":22,"loc":{"start":{"line":22,"column":14},"end":{"line":22,"column":41}}},"3":{"name":"appendData","line":31,"loc":{"start":{"line":31,"column":0},"end":{"line":31,"column":35}}},"4":{"name":"(anonymous_4)","line":42,"loc":{"start":{"line":42,"column":63},"end":{"line":42,"column":88}}},"5":{"name":"(anonymous_5)","line":49,"loc":{"start":{"line":49,"column":56},"end":{"line":49,"column":81}}},"6":{"name":"(anonymous_6)","line":59,"loc":{"start":{"line":59,"column":54},"end":{"line":59,"column":79}}},"7":{"name":"(anonymous_7)","line":70,"loc":{"start":{"line":70,"column":71},"end":{"line":70,"column":96}}},"8":{"name":"(anonymous_8)","line":95,"loc":{"start":{"line":95,"column":50},"end":{"line":95,"column":75}}},"9":{"name":"(anonymous_9)","line":107,"loc":{"start":{"line":107,"column":44},"end":{"line":107,"column":69}}},"10":{"name":"(anonymous_10)","line":115,"loc":{"start":{"line":115,"column":44},"end":{"line":115,"column":69}}}},"statementMap":{"1":{"start":{"line":11,"column":0},"end":{"line":13,"column":43}},"2":{"start":{"line":15,"column":0},"end":{"line":27,"column":2}},"3":{"start":{"line":18,"column":4},"end":{"line":18,"column":61}},"4":{"start":{"line":19,"column":4},"end":{"line":19,"column":24}},"5":{"start":{"line":23,"column":4},"end":{"line":23,"column":54}},"6":{"start":{"line":24,"column":4},"end":{"line":24,"column":76}},"7":{"start":{"line":25,"column":4},"end":{"line":25,"column":25}},"8":{"start":{"line":31,"column":0},"end":{"line":39,"column":1}},"9":{"start":{"line":32,"column":2},"end":{"line":36,"column":3}},"10":{"start":{"line":33,"column":4},"end":{"line":33,"column":29}},"11":{"start":{"line":35,"column":4},"end":{"line":35,"column":38}},"12":{"start":{"line":38,"column":2},"end":{"line":38,"column":29}},"13":{"start":{"line":41,"column":0},"end":{"line":47,"column":2}},"14":{"start":{"line":43,"column":2},"end":{"line":43,"column":34}},"15":{"start":{"line":44,"column":2},"end":{"line":44,"column":46}},"16":{"start":{"line":45,"column":2},"end":{"line":45,"column":47}},"17":{"start":{"line":46,"column":2},"end":{"line":46,"column":46}},"18":{"start":{"line":49,"column":0},"end":{"line":57,"column":2}},"19":{"start":{"line":50,"column":2},"end":{"line":50,"column":34}},"20":{"start":{"line":51,"column":2},"end":{"line":51,"column":46}},"21":{"start":{"line":52,"column":2},"end":{"line":52,"column":67}},"22":{"start":{"line":53,"column":2},"end":{"line":53,"column":67}},"23":{"start":{"line":54,"column":2},"end":{"line":54,"column":58}},"24":{"start":{"line":55,"column":2},"end":{"line":55,"column":47}},"25":{"start":{"line":56,"column":2},"end":{"line":56,"column":46}},"26":{"start":{"line":59,"column":0},"end":{"line":67,"column":2}},"27":{"start":{"line":60,"column":2},"end":{"line":60,"column":34}},"28":{"start":{"line":61,"column":2},"end":{"line":61,"column":46}},"29":{"start":{"line":62,"column":2},"end":{"line":62,"column":67}},"30":{"start":{"line":63,"column":2},"end":{"line":63,"column":67}},"31":{"start":{"line":64,"column":2},"end":{"line":64,"column":53}},"32":{"start":{"line":65,"column":2},"end":{"line":65,"column":45}},"33":{"start":{"line":66,"column":2},"end":{"line":66,"column":34}},"34":{"start":{"line":70,"column":0},"end":{"line":93,"column":2}},"35":{"start":{"line":71,"column":2},"end":{"line":71,"column":34}},"36":{"start":{"line":72,"column":2},"end":{"line":72,"column":46}},"37":{"start":{"line":73,"column":2},"end":{"line":73,"column":67}},"38":{"start":{"line":74,"column":2},"end":{"line":74,"column":67}},"39":{"start":{"line":75,"column":2},"end":{"line":75,"column":44}},"40":{"start":{"line":76,"column":2},"end":{"line":76,"column":49}},"41":{"start":{"line":78,"column":2},"end":{"line":82,"column":3}},"42":{"start":{"line":79,"column":3},"end":{"line":79,"column":50}},"43":{"start":{"line":81,"column":3},"end":{"line":81,"column":48}},"44":{"start":{"line":84,"column":2},"end":{"line":88,"column":3}},"45":{"start":{"line":85,"column":3},"end":{"line":85,"column":50}},"46":{"start":{"line":87,"column":3},"end":{"line":87,"column":48}},"47":{"start":{"line":90,"column":2},"end":{"line":90,"column":53}},"48":{"start":{"line":91,"column":2},"end":{"line":91,"column":45}},"49":{"start":{"line":92,"column":2},"end":{"line":92,"column":34}},"50":{"start":{"line":95,"column":0},"end":{"line":105,"column":2}},"51":{"start":{"line":96,"column":2},"end":{"line":96,"column":34}},"52":{"start":{"line":97,"column":2},"end":{"line":97,"column":25}},"53":{"start":{"line":98,"column":2},"end":{"line":98,"column":51}},"54":{"start":{"line":99,"column":2},"end":{"line":99,"column":51}},"55":{"start":{"line":100,"column":2},"end":{"line":100,"column":25}},"56":{"start":{"line":101,"column":2},"end":{"line":101,"column":46}},"57":{"start":{"line":102,"column":2},"end":{"line":104,"column":3}},"58":{"start":{"line":103,"column":4},"end":{"line":103,"column":54}},"59":{"start":{"line":107,"column":0},"end":{"line":113,"column":2}},"60":{"start":{"line":108,"column":2},"end":{"line":108,"column":34}},"61":{"start":{"line":109,"column":2},"end":{"line":109,"column":46}},"62":{"start":{"line":110,"column":2},"end":{"line":110,"column":67}},"63":{"start":{"line":111,"column":2},"end":{"line":111,"column":45}},"64":{"start":{"line":112,"column":2},"end":{"line":112,"column":34}},"65":{"start":{"line":115,"column":0},"end":{"line":121,"column":2}},"66":{"start":{"line":116,"column":2},"end":{"line":116,"column":34}},"67":{"start":{"line":117,"column":2},"end":{"line":117,"column":46}},"68":{"start":{"line":118,"column":2},"end":{"line":118,"column":72}},"69":{"start":{"line":119,"column":2},"end":{"line":119,"column":45}},"70":{"start":{"line":120,"column":2},"end":{"line":120,"column":34}}},"branchMap":{"1":{"line":18,"type":"cond-expr","locations":[{"start":{"line":18,"column":42},"end":{"line":18,"column":43}},{"start":{"line":18,"column":46},"end":{"line":18,"column":60}}]},"2":{"line":24,"type":"binary-expr","locations":[{"start":{"line":24,"column":13},"end":{"line":24,"column":21}},{"start":{"line":24,"column":26},"end":{"line":24,"column":40}},{"start":{"line":24,"column":44},"end":{"line":24,"column":62}},{"start":{"line":24,"column":67},"end":{"line":24,"column":75}}]},"3":{"line":32,"type":"if","locations":[{"start":{"line":32,"column":2},"end":{"line":32,"column":2}},{"start":{"line":32,"column":2},"end":{"line":32,"column":2}}]},"4":{"line":32,"type":"binary-expr","locations":[{"start":{"line":32,"column":5},"end":{"line":32,"column":24}},{"start":{"line":32,"column":28},"end":{"line":32,"column":49}}]},"5":{"line":52,"type":"binary-expr","locations":[{"start":{"line":52,"column":23},"end":{"line":52,"column":42}},{"start":{"line":52,"column":46},"end":{"line":52,"column":58}}]},"6":{"line":53,"type":"binary-expr","locations":[{"start":{"line":53,"column":23},"end":{"line":53,"column":42}},{"start":{"line":53,"column":46},"end":{"line":53,"column":58}}]},"7":{"line":54,"type":"binary-expr","locations":[{"start":{"line":54,"column":22},"end":{"line":54,"column":48}},{"start":{"line":54,"column":52},"end":{"line":54,"column":56}}]},"8":{"line":62,"type":"binary-expr","locations":[{"start":{"line":62,"column":23},"end":{"line":62,"column":42}},{"start":{"line":62,"column":46},"end":{"line":62,"column":58}}]},"9":{"line":63,"type":"binary-expr","locations":[{"start":{"line":63,"column":23},"end":{"line":63,"column":42}},{"start":{"line":63,"column":46},"end":{"line":63,"column":58}}]},"10":{"line":64,"type":"binary-expr","locations":[{"start":{"line":64,"column":22},"end":{"line":64,"column":43}},{"start":{"line":64,"column":47},"end":{"line":64,"column":51}}]},"11":{"line":65,"type":"binary-expr","locations":[{"start":{"line":65,"column":22},"end":{"line":65,"column":35}},{"start":{"line":65,"column":39},"end":{"line":65,"column":43}}]},"12":{"line":73,"type":"binary-expr","locations":[{"start":{"line":73,"column":23},"end":{"line":73,"column":42}},{"start":{"line":73,"column":46},"end":{"line":73,"column":58}}]},"13":{"line":74,"type":"binary-expr","locations":[{"start":{"line":74,"column":23},"end":{"line":74,"column":42}},{"start":{"line":74,"column":46},"end":{"line":74,"column":58}}]},"14":{"line":78,"type":"if","locations":[{"start":{"line":78,"column":2},"end":{"line":78,"column":2}},{"start":{"line":78,"column":2},"end":{"line":78,"column":2}}]},"15":{"line":84,"type":"if","locations":[{"start":{"line":84,"column":2},"end":{"line":84,"column":2}},{"start":{"line":84,"column":2},"end":{"line":84,"column":2}}]},"16":{"line":90,"type":"binary-expr","locations":[{"start":{"line":90,"column":22},"end":{"line":90,"column":43}},{"start":{"line":90,"column":47},"end":{"line":90,"column":51}}]},"17":{"line":91,"type":"binary-expr","locations":[{"start":{"line":91,"column":22},"end":{"line":91,"column":35}},{"start":{"line":91,"column":39},"end":{"line":91,"column":43}}]},"18":{"line":110,"type":"binary-expr","locations":[{"start":{"line":110,"column":23},"end":{"line":110,"column":42}},{"start":{"line":110,"column":46},"end":{"line":110,"column":58}}]},"19":{"line":111,"type":"binary-expr","locations":[{"start":{"line":111,"column":22},"end":{"line":111,"column":35}},{"start":{"line":111,"column":39},"end":{"line":111,"column":43}}]},"20":{"line":118,"type":"binary-expr","locations":[{"start":{"line":118,"column":23},"end":{"line":118,"column":42}},{"start":{"line":118,"column":46},"end":{"line":118,"column":63}}]},"21":{"line":119,"type":"binary-expr","locations":[{"start":{"line":119,"column":22},"end":{"line":119,"column":35}},{"start":{"line":119,"column":39},"end":{"line":119,"column":43}}]}},"code":["/*"," * xbee-api"," * https://github.com/jouz/xbee-api"," *"," * Copyright (c) 2013 Jan Kolkmeier"," * Licensed under the MIT license."," */","","'use strict';","","var assert = require('assert'),","    C = require('./constants'),","    Buffer = require('safe-buffer').Buffer;","","var frame_builder = module.exports = {","  frameId: 0,","  nextFrameId: function nextFrameId() {","    this.frameId = this.frameId >= 0xff ? 1 : ++this.frameId;","    return this.frameId;","  },","","  getFrameId: function getFrameId(frame) {","    assert(frame, 'Frame parameter must be supplied');","    var id = frame.id || (frame.id !== 0 && this.nextFrameId()) || frame.id;","    return frame.id = id;","  }","};","","","// Appends data provided as Array, String, or Buffer","function appendData(data, builder) {","  if(Array.isArray(data) || Buffer.isBuffer(data)) {","    data = Buffer.from(data);","  } else {","    data = Buffer.from(data, 'ascii');","  }","","  builder.appendBuffer(data);","}","","frame_builder[C.FRAME_TYPE.AT_COMMAND] = ","frame_builder[C.FRAME_TYPE.AT_COMMAND_QUEUE_PARAMETER_VALUE] = function(frame, builder) {","  builder.appendUInt8(frame.type);","  builder.appendUInt8(this.getFrameId(frame));","  builder.appendString(frame.command, 'ascii');","  appendData(frame.commandParameter, builder);","};","","frame_builder[C.FRAME_TYPE.REMOTE_AT_COMMAND_REQUEST] = function(frame, builder) {","  builder.appendUInt8(frame.type);","  builder.appendUInt8(this.getFrameId(frame));","  builder.appendString(frame.destination64 || C.UNKNOWN_64, 'hex');","  builder.appendString(frame.destination16 || C.UNKNOWN_16, 'hex');","  builder.appendUInt8(frame.remoteCommandOptions || 0x02);","  builder.appendString(frame.command, 'ascii');","  appendData(frame.commandParameter, builder);","};","","frame_builder[C.FRAME_TYPE.ZIGBEE_TRANSMIT_REQUEST] = function(frame, builder) {","  builder.appendUInt8(frame.type);","  builder.appendUInt8(this.getFrameId(frame));","  builder.appendString(frame.destination64 || C.UNKNOWN_64, 'hex');","  builder.appendString(frame.destination16 || C.UNKNOWN_16, 'hex');","  builder.appendUInt8(frame.broadcastRadius || 0x00);","  builder.appendUInt8(frame.options || 0x00);","  appendData(frame.data, builder);","};","","","frame_builder[C.FRAME_TYPE.EXPLICIT_ADDRESSING_ZIGBEE_COMMAND_FRAME] = function(frame, builder) {","  builder.appendUInt8(frame.type);","  builder.appendUInt8(this.getFrameId(frame));","  builder.appendString(frame.destination64 || C.UNKNOWN_64, 'hex');","  builder.appendString(frame.destination16 || C.UNKNOWN_16, 'hex');","  builder.appendUInt8(frame.sourceEndpoint);","  builder.appendUInt8(frame.destinationEndpoint);","","  if (typeof(frame.clusterId) === 'number') {","\t  builder.appendUInt16BE(frame.clusterId, 'hex');","  } else {","\t  builder.appendString(frame.clusterId, 'hex');","  }","","  if (typeof(frame.profileId) === 'number') {","\t  builder.appendUInt16BE(frame.profileId, 'hex');","  } else {","\t  builder.appendString(frame.profileId, 'hex');","  }","","  builder.appendUInt8(frame.broadcastRadius || 0x00);","  builder.appendUInt8(frame.options || 0x00);","  appendData(frame.data, builder);","};","","frame_builder[C.FRAME_TYPE.CREATE_SOURCE_ROUTE] = function(frame, builder) {","  builder.appendUInt8(frame.type);","  builder.appendUInt8(0); // Frame ID is always zero for this","  builder.appendString(frame.destination64, 'hex');","  builder.appendString(frame.destination16, 'hex');","  builder.appendUInt8(0); // Route command options always zero","  builder.appendUInt8(frame.addresses.length); // Number of hops","  for (var i = 0; i < frame.addresses.length; i++) {","    builder.appendUInt16BE(frame.addresses[i], 'hex');","  }","};","","frame_builder[C.FRAME_TYPE.TX_REQUEST_64] = function(frame, builder) {","  builder.appendUInt8(frame.type);","  builder.appendUInt8(this.getFrameId(frame));","  builder.appendString(frame.destination64 || C.UNKNOWN_64, 'hex');","  builder.appendUInt8(frame.options || 0x00);","  appendData(frame.data, builder);","};","","frame_builder[C.FRAME_TYPE.TX_REQUEST_16] = function(frame, builder) {","  builder.appendUInt8(frame.type);","  builder.appendUInt8(this.getFrameId(frame));","  builder.appendString(frame.destination16 || C.BROADCAST_16_XB, 'hex');","  builder.appendUInt8(frame.options || 0x00);","  appendData(frame.data, builder);","};",""],"l":{"11":1,"15":1,"18":0,"19":0,"23":0,"24":0,"25":0,"31":1,"32":0,"33":0,"35":0,"38":0,"41":1,"43":0,"44":0,"45":0,"46":0,"49":1,"50":0,"51":0,"52":0,"53":0,"54":0,"55":0,"56":0,"59":1,"60":0,"61":0,"62":0,"63":0,"64":0,"65":0,"66":0,"70":1,"71":0,"72":0,"73":0,"74":0,"75":0,"76":0,"78":0,"79":0,"81":0,"84":0,"85":0,"87":0,"90":0,"91":0,"92":0,"95":1,"96":0,"97":0,"98":0,"99":0,"100":0,"101":0,"102":0,"103":0,"107":1,"108":0,"109":0,"110":0,"111":0,"112":0,"115":1,"116":0,"117":0,"118":0,"119":0,"120":0}},"/home/travis/build/npmtest/node-npmtest-xbee-api/node_modules/xbee-api/Gruntfile.js":{"path":"/home/travis/build/npmtest/node-npmtest-xbee-api/node_modules/xbee-api/Gruntfile.js","s":{"1":1,"2":0,"3":0,"4":0,"5":0,"6":0,"7":0,"8":0},"b":{},"f":{"1":0},"fnMap":{"1":{"name":"(anonymous_1)","line":3,"loc":{"start":{"line":3,"column":17},"end":{"line":3,"column":33}}}},"statementMap":{"1":{"start":{"line":3,"column":0},"end":{"line":66,"column":2}},"2":{"start":{"line":6,"column":2},"end":{"line":54,"column":5}},"3":{"start":{"line":57,"column":2},"end":{"line":57,"column":47}},"4":{"start":{"line":58,"column":2},"end":{"line":58,"column":45}},"5":{"start":{"line":59,"column":2},"end":{"line":59,"column":44}},"6":{"start":{"line":60,"column":2},"end":{"line":60,"column":41}},"7":{"start":{"line":63,"column":2},"end":{"line":63,"column":78}},"8":{"start":{"line":64,"column":2},"end":{"line":64,"column":74}}},"branchMap":{},"code":["'use strict';","","module.exports = function(grunt) {","","  // Project configuration.","  grunt.initConfig({","    browserify: {","      lib: {","        src: ['lib/xbee-api.js'],","        dest: 'examples/chrome-tool/js/dist/xbee.js',","        options: {","          alias:'lib/xbee-api.js:xbee-api'","        }","      },","      src: {","        src: ['examples/chrome-tool/js/src/app.js'],","        dest: 'examples/chrome-tool/js/dist/main.js',","        options: {","          external: [ 'xbee-api' ]","        }","      }","    },","    nodeunit: {","      files: ['test/**/*_test.js'],","    },","    jshint: {","      options: {","        jshintrc: '.jshintrc'","      },","      gruntfile: {","        src: 'Gruntfile.js'","      },","      lib: {","        src: ['lib/**/*.js']","      },","      test: {","        src: ['test/**/*.js']","      },","    },","    watch: {","      gruntfile: {","        files: '<%= jshint.gruntfile.src %>',","        tasks: ['jshint:gruntfile']","      },","      lib: {","        files: '<%= jshint.lib.src %>',","        tasks: ['jshint:lib', 'nodeunit']","      },","      test: {","        files: '<%= jshint.test.src %>',","        tasks: ['jshint:test', 'nodeunit']","      },","    },","  });","","  // These plugins provide necessary tasks.","  grunt.loadNpmTasks('grunt-contrib-nodeunit');","  grunt.loadNpmTasks('grunt-contrib-jshint');","  grunt.loadNpmTasks('grunt-contrib-watch');","  grunt.loadNpmTasks('grunt-browserify');","","  // Default task.","  grunt.registerTask('chrome-example', ['browserify:lib', 'browserify:src' ]);","  grunt.registerTask('default', ['jshint', 'nodeunit', 'chrome-example']);","","};",""],"l":{"3":1,"6":0,"57":0,"58":0,"59":0,"60":0,"63":0,"64":0}}}